This is pdfTeX, Version 3.141592653-2.6-1.40.22 (TeX Live 2022/dev/Debian) (preloaded format=pdflatex 2026.6.10)  17 JUN 2026 12:16
entering extended mode
 restricted \write18 enabled.
 %&-line parsing enabled.
**proyecto.tex
(./proyecto.tex
LaTeX2e <2021-11-15> patch level 1
L3 programming layer <2022-01-21>
(/usr/share/texlive/texmf-dist/tex/latex/base/book.cls
Document Class: book 2021/10/04 v1.4n Standard LaTeX document class
(/usr/share/texlive/texmf-dist/tex/latex/base/bk11.clo
File: bk11.clo 2021/10/04 v1.4n Standard LaTeX file (size option)
)
\c@part=\count185
\c@chapter=\count186
\c@section=\count187
\c@subsection=\count188
\c@subsubsection=\count189
\c@paragraph=\count190
\c@subparagraph=\count191
\c@figure=\count192
\c@table=\count193
\abovecaptionskip=\skip47
\belowcaptionskip=\skip48
\bibindent=\dimen138
)
(/usr/share/texlive/texmf-dist/tex/latex/tools/tabularx.sty
Package: tabularx 2020/01/15 v2.11c `tabularx' package (DPC)

(/usr/share/texlive/texmf-dist/tex/latex/tools/array.sty
Package: array 2021/10/04 v2.5f Tabular extension package (FMi)
\col@sep=\dimen139
\ar@mcellbox=\box50
\extrarowheight=\dimen140
\NC@list=\toks16
\extratabsurround=\skip49
\backup@length=\skip50
\ar@cellbox=\box51
)
\TX@col@width=\dimen141
\TX@old@table=\dimen142
\TX@old@col=\dimen143
\TX@target=\dimen144
\TX@delta=\dimen145
\TX@cols=\count194
\TX@ftn=\toks17
)
(/usr/share/texlive/texmf-dist/tex/latex/listings/listings.sty
(/usr/share/texlive/texmf-dist/tex/latex/graphics/keyval.sty
Package: keyval 2014/10/28 v1.15 key=value parser (DPC)
\KV@toks@=\toks18
)
\lst@mode=\count195
\lst@gtempboxa=\box52
\lst@token=\toks19
\lst@length=\count196
\lst@currlwidth=\dimen146
\lst@column=\count197
\lst@pos=\count198
\lst@lostspace=\dimen147
\lst@width=\dimen148
\lst@newlines=\count199
\lst@lineno=\count266
\lst@maxwidth=\dimen149

(/usr/share/texlive/texmf-dist/tex/latex/listings/lstmisc.sty
File: lstmisc.sty 2020/03/24 1.8d (Carsten Heinz)
\c@lstnumber=\count267
\lst@skipnumbers=\count268
\lst@framebox=\box53
)
(/usr/share/texlive/texmf-dist/tex/latex/listings/listings.cfg
File: listings.cfg 2020/03/24 1.8d listings configuration
))
Package: listings 2020/03/24 1.8d (Carsten Heinz)

(/usr/share/texlive/texmf-dist/tex/latex/base/inputenc.sty
Package: inputenc 2021/02/14 v1.3d Input encoding file
\inpenc@prehook=\toks20
\inpenc@posthook=\toks21
)
(/usr/share/texlive/texmf-dist/tex/generic/babel/babel.sty
Package: babel 2022/01/26 3.70 The Babel package
\babel@savecnt=\count269
\U@D=\dimen150
\l@unhyphenated=\language3

(/usr/share/texlive/texmf-dist/tex/generic/babel/txtbabel.def)
\bbl@readstream=\read2
\bbl@dirlevel=\count270

(/usr/share/texlive/texmf-dist/tex/generic/babel-spanish/spanish.ldf
Language: spanish.ldf 2021/05/27 v5.0q Spanish support from the babel system


Package babel Warning: No hyphenation patterns were preloaded for
(babel)                the language 'Spanish' into the format.
(babel)                Please, configure your TeX system to add them and
(babel)                rebuild the format. Now I will use the patterns
(babel)                preloaded for \language=0 instead on input line 51.

Package babel Info: Hyphen rules for 'spanish' set to \l@english
(babel)             (\language0). Reported on input line 52.
\es@quottoks=\toks22
\es@quotdepth=\count271
Package babel Info: Making " an active character on input line 570.
Package babel Info: Making . an active character on input line 675.
Package babel Info: Making < an active character on input line 722.
Package babel Info: Making > an active character on input line 722.
)) (/usr/share/texlive/texmf-dist/tex/latex/float/float.sty
Package: float 2001/11/08 v1.3d Float enhancements (AL)
\c@float@type=\count272
\float@exts=\toks23
\float@box=\box54
\@float@everytoks=\toks24
\@floatcapt=\box55
)
(/usr/share/texlive/texmf-dist/tex/latex/xcolor/xcolor.sty
Package: xcolor 2021/10/31 v2.13 LaTeX color extensions (UK)

(/usr/share/texlive/texmf-dist/tex/latex/graphics-cfg/color.cfg
File: color.cfg 2016/01/02 v1.6 sample color configuration
)
Package xcolor Info: Driver file: pdftex.def on input line 227.

(/usr/share/texlive/texmf-dist/tex/latex/graphics-def/pdftex.def
File: pdftex.def 2020/10/05 v1.2a Graphics/color driver for pdftex
)
(/usr/share/texlive/texmf-dist/tex/latex/colortbl/colortbl.sty
Package: colortbl 2020/01/04 v1.0e Color table columns (DPC)
\everycr=\toks25
\minrowclearance=\skip51
)
\rownum=\count273
Package xcolor Info: Model `cmy' substituted by `cmy0' on input line 1352.
Package xcolor Info: Model `hsb' substituted by `rgb' on input line 1356.
Package xcolor Info: Model `RGB' extended on input line 1368.
Package xcolor Info: Model `HTML' substituted by `rgb' on input line 1370.
Package xcolor Info: Model `Hsb' substituted by `hsb' on input line 1371.
Package xcolor Info: Model `tHsb' substituted by `hsb' on input line 1372.
Package xcolor Info: Model `HSB' substituted by `hsb' on input line 1373.
Package xcolor Info: Model `Gray' substituted by `gray' on input line 1374.
Package xcolor Info: Model `wave' substituted by `hsb' on input line 1375.
)
(/usr/share/texlive/texmf-dist/tex/latex/caption/caption.sty
Package: caption 2020/10/26 v3.5g Customizing captions (AR)

(/usr/share/texlive/texmf-dist/tex/latex/caption/caption3.sty
Package: caption3 2020/10/21 v2.2e caption3 kernel (AR)
\captionmargin=\dimen151
\captionmargin@=\dimen152
\captionwidth=\dimen153
\caption@tempdima=\dimen154
\caption@indent=\dimen155
\caption@parindent=\dimen156
\caption@hangindent=\dimen157
Package caption Info: Standard document class detected.
)
\c@caption@flags=\count274
\c@continuedfloat=\count275
Package caption Info: float package is loaded.
Package caption Info: listings package is loaded.
)
(/usr/share/texlive/texmf-dist/tex/latex/tools/dcolumn.sty
Package: dcolumn 2014/10/28 v1.06 decimal alignment package (DPC)
)
(/usr/share/texlive/texmf-dist/tex/latex/tools/verbatim.sty
Package: verbatim 2020-07-07 v1.5u LaTeX2e package for verbatim enhancements
\every@verbatim=\toks26
\verbatim@line=\toks27
\verbatim@in@stream=\read3
)
(/usr/share/texlive/texmf-dist/tex/latex/fancyhdr/fancyhdr.sty
Package: fancyhdr 2021/01/28 v4.0.1 Extensive control of page headers and foote
rs
\f@nch@headwidth=\skip52
\f@nch@O@elh=\skip53
\f@nch@O@erh=\skip54
\f@nch@O@olh=\skip55
\f@nch@O@orh=\skip56
\f@nch@O@elf=\skip57
\f@nch@O@erf=\skip58
\f@nch@O@olf=\skip59
\f@nch@O@orf=\skip60
)
(/usr/share/texlive/texmf-dist/tex/latex/graphics/graphicx.sty
Package: graphicx 2021/09/16 v1.2d Enhanced LaTeX Graphics (DPC,SPQR)

(/usr/share/texlive/texmf-dist/tex/latex/graphics/graphics.sty
Package: graphics 2021/03/04 v1.4d Standard LaTeX Graphics (DPC,SPQR)

(/usr/share/texlive/texmf-dist/tex/latex/graphics/trig.sty
Package: trig 2021/08/11 v1.11 sin cos tan (DPC)
)
(/usr/share/texlive/texmf-dist/tex/latex/graphics-cfg/graphics.cfg
File: graphics.cfg 2016/06/04 v1.11 sample graphics configuration
)
Package graphics Info: Driver file: pdftex.def on input line 107.
)
\Gin@req@height=\dimen158
\Gin@req@width=\dimen159
)
(/usr/share/texlive/texmf-dist/tex/latex/tools/afterpage.sty
Package: afterpage 2014/10/28 v1.08 After-Page Package (DPC)
\AP@output=\toks28
\AP@partial=\box56
\AP@footins=\box57
)
(/usr/share/texlive/texmf-dist/tex/latex/tools/longtable.sty
Package: longtable 2021-09-01 v4.17 Multi-page Table package (DPC)
\LTleft=\skip61
\LTright=\skip62
\LTpre=\skip63
\LTpost=\skip64
\LTchunksize=\count276
\LTcapwidth=\dimen160
\LT@head=\box58
\LT@firsthead=\box59
\LT@foot=\box60
\LT@lastfoot=\box61
\LT@gbox=\box62
\LT@cols=\count277
\LT@rows=\count278
\c@LT@tables=\count279
\c@LT@chunks=\count280
\LT@p@ftn=\toks29
)
(/usr/share/texlive/texmf-dist/tex/latex/hyperref/hyperref.sty
Package: hyperref 2021-06-07 v7.00m Hypertext links for LaTeX

(/usr/share/texlive/texmf-dist/tex/generic/ltxcmds/ltxcmds.sty
Package: ltxcmds 2020-05-10 v1.25 LaTeX kernel commands for general use (HO)
)
(/usr/share/texlive/texmf-dist/tex/generic/iftex/iftex.sty
Package: iftex 2020/03/06 v1.0d TeX engine tests
)
(/usr/share/texlive/texmf-dist/tex/generic/pdftexcmds/pdftexcmds.sty
Package: pdftexcmds 2020-06-27 v0.33 Utility functions of pdfTeX for LuaTeX (HO
)

(/usr/share/texlive/texmf-dist/tex/generic/infwarerr/infwarerr.sty
Package: infwarerr 2019/12/03 v1.5 Providing info/warning/error messages (HO)
)
Package pdftexcmds Info: \pdf@primitive is available.
Package pdftexcmds Info: \pdf@ifprimitive is available.
Package pdftexcmds Info: \pdfdraftmode found.
)
(/usr/share/texlive/texmf-dist/tex/generic/kvsetkeys/kvsetkeys.sty
Package: kvsetkeys 2019/12/15 v1.18 Key value parser (HO)
)
(/usr/share/texlive/texmf-dist/tex/generic/kvdefinekeys/kvdefinekeys.sty
Package: kvdefinekeys 2019-12-19 v1.6 Define keys (HO)
)
(/usr/share/texlive/texmf-dist/tex/generic/pdfescape/pdfescape.sty
Package: pdfescape 2019/12/09 v1.15 Implements pdfTeX's escape features (HO)
)
(/usr/share/texlive/texmf-dist/tex/latex/hycolor/hycolor.sty
Package: hycolor 2020-01-27 v1.10 Color options for hyperref/bookmark (HO)
)
(/usr/share/texlive/texmf-dist/tex/latex/letltxmacro/letltxmacro.sty
Package: letltxmacro 2019/12/03 v1.6 Let assignment for LaTeX macros (HO)
)
(/usr/share/texlive/texmf-dist/tex/latex/auxhook/auxhook.sty
Package: auxhook 2019-12-17 v1.6 Hooks for auxiliary files (HO)
)
(/usr/share/texlive/texmf-dist/tex/latex/kvoptions/kvoptions.sty
Package: kvoptions 2020-10-07 v3.14 Key value format for package options (HO)
)
\@linkdim=\dimen161
\Hy@linkcounter=\count281
\Hy@pagecounter=\count282

(/usr/share/texlive/texmf-dist/tex/latex/hyperref/pd1enc.def
File: pd1enc.def 2021-06-07 v7.00m Hyperref: PDFDocEncoding definition (HO)
Now handling font encoding PD1 ...
... no UTF-8 mapping file for font encoding PD1
)
(/usr/share/texlive/texmf-dist/tex/latex/hyperref/hyperref-langpatches.def
File: hyperref-langpatches.def 2021-06-07 v7.00m Hyperref: patches for babel la
nguages
)
(/usr/share/texlive/texmf-dist/tex/generic/intcalc/intcalc.sty
Package: intcalc 2019/12/15 v1.3 Expandable calculations with integers (HO)
)
(/usr/share/texlive/texmf-dist/tex/generic/etexcmds/etexcmds.sty
Package: etexcmds 2019/12/15 v1.7 Avoid name clashes with e-TeX commands (HO)
)
\Hy@SavedSpaceFactor=\count283

(/usr/share/texlive/texmf-dist/tex/latex/hyperref/puenc.def
File: puenc.def 2021-06-07 v7.00m Hyperref: PDF Unicode definition (HO)
Now handling font encoding PU ...
... no UTF-8 mapping file for font encoding PU
)

Package hyperref Warning: Invalid value `000'
(hyperref)                for option `pdfborder'.
(hyperref)                Option setting is ignored on input line 4073.

Package hyperref Info: Hyper figures OFF on input line 4192.
Package hyperref Info: Link nesting OFF on input line 4197.
Package hyperref Info: Hyper index ON on input line 4200.
Package hyperref Info: Plain pages OFF on input line 4207.
Package hyperref Info: Backreferencing OFF on input line 4212.
Package hyperref Info: Implicit mode ON; LaTeX internals redefined.
Package hyperref Info: Bookmarks ON on input line 4445.
\c@Hy@tempcnt=\count284
(/usr/share/texlive/texmf-dist/tex/latex/url/url.sty
\Urlmuskip=\muskip16
Package: url 2013/09/16  ver 3.4  Verb mode for urls, etc.
)
LaTeX Info: Redefining \url on input line 4804.
\XeTeXLinkMargin=\dimen162

(/usr/share/texlive/texmf-dist/tex/generic/bitset/bitset.sty
Package: bitset 2019/12/09 v1.3 Handle bit-vector datatype (HO)

(/usr/share/texlive/texmf-dist/tex/generic/bigintcalc/bigintcalc.sty
Package: bigintcalc 2019/12/15 v1.5 Expandable calculations on big integers (HO
)
))
\Fld@menulength=\count285
\Field@Width=\dimen163
\Fld@charsize=\dimen164
Package hyperref Info: Hyper figures OFF on input line 6076.
Package hyperref Info: Link nesting OFF on input line 6081.
Package hyperref Info: Hyper index ON on input line 6084.
Package hyperref Info: backreferencing OFF on input line 6091.
Package hyperref Info: Link coloring OFF on input line 6096.
Package hyperref Info: Link coloring with OCG OFF on input line 6101.
Package hyperref Info: PDF/A mode OFF on input line 6106.
LaTeX Info: Redefining \ref on input line 6146.
LaTeX Info: Redefining \pageref on input line 6150.

(/usr/share/texlive/texmf-dist/tex/latex/base/atbegshi-ltx.sty
Package: atbegshi-ltx 2021/01/10 v1.0c Emulation of the original atbegshi
package with kernel methods
)
\Hy@abspage=\count286
\c@Item=\count287
\c@Hfootnote=\count288
)
Package hyperref Info: Driver (autodetected): hpdftex.

(/usr/share/texlive/texmf-dist/tex/latex/hyperref/hpdftex.def
File: hpdftex.def 2021-06-07 v7.00m Hyperref driver for pdfTeX

(/usr/share/texlive/texmf-dist/tex/latex/base/atveryend-ltx.sty
Package: atveryend-ltx 2020/08/19 v1.0a Emulation of the original atveryend pac
kage
with kernel methods
)
\Fld@listcount=\count289
\c@bookmark@seq@number=\count290

(/usr/share/texlive/texmf-dist/tex/latex/rerunfilecheck/rerunfilecheck.sty
Package: rerunfilecheck 2019/12/05 v1.9 Rerun checks for auxiliary files (HO)

(/usr/share/texlive/texmf-dist/tex/generic/uniquecounter/uniquecounter.sty
Package: uniquecounter 2019/12/15 v1.4 Provide unlimited unique counter (HO)
)
Package uniquecounter Info: New unique counter `rerunfilecheck' on input line 2
86.
)
\Hy@SectionHShift=\skip65
)

Package hyperref Warning: Token not allowed in a PDF string (Unicode):
(hyperref)                removing `subscript' on input line 62.


Package hyperref Warning: Token not allowed in a PDF string (Unicode):
(hyperref)                removing `subscript' on input line 62.


Package hyperref Warning: Token not allowed in a PDF string (Unicode):
(hyperref)                removing `subscript' on input line 62.

(/usr/share/texlive/texmf-dist/tex/latex/footmisc/footmisc.sty
Package: footmisc 2011/06/06 v5.5b a miscellany of footnote facilities
\FN@temptoken=\toks30
\footnotemargin=\dimen165
\c@pp@next@reset=\count291
Package footmisc Info: Declaring symbol style bringhurst on input line 855.
Package footmisc Info: Declaring symbol style chicago on input line 863.
Package footmisc Info: Declaring symbol style wiley on input line 872.
Package footmisc Info: Declaring symbol style lamport-robust on input line 883.

Package footmisc Info: Declaring symbol style lamport* on input line 903.
Package footmisc Info: Declaring symbol style lamport*-robust on input line 924
.
)
\c@teorema=\count292
\c@ejemplo=\count293
\c@definicion=\count294

(/usr/share/texlive/texmf-dist/tex/latex/pdfpages/pdfpages.sty
Package: pdfpages 2022/01/29 v0.5u Insert pages of external PDF documents (AM)

(/usr/share/texlive/texmf-dist/tex/latex/base/ifthen.sty
Package: ifthen 2020/11/24 v1.1c Standard LaTeX ifthen package (DPC)
)
(/usr/share/texlive/texmf-dist/tex/latex/tools/calc.sty
Package: calc 2017/05/25 v4.3 Infix arithmetic (KKT,FJ)
\calc@Acount=\count295
\calc@Bcount=\count296
\calc@Adimen=\dimen166
\calc@Bdimen=\dimen167
\calc@Askip=\skip66
\calc@Bskip=\skip67
LaTeX Info: Redefining \setlength on input line 80.
LaTeX Info: Redefining \addtolength on input line 81.
\calc@Ccount=\count297
\calc@Cskip=\skip68
)
(/usr/share/texlive/texmf-dist/tex/latex/eso-pic/eso-pic.sty
Package: eso-pic 2020/10/14 v3.0a eso-pic (RN)
\ESO@tempdima=\dimen168
\ESO@tempdimb=\dimen169
)
\AM@pagewidth=\dimen170
\AM@pageheight=\dimen171
\AM@fboxrule=\dimen172

(/usr/share/texlive/texmf-dist/tex/latex/pdfpages/pppdftex.def
File: pppdftex.def 2022/01/29 v0.5u Pdfpages driver for pdfTeX (AM)
)
\pdfpages@includegraphics@status=\count298
\AM@pagebox=\box63
\AM@global@opts=\toks31
\AM@pagecnt=\count299
\AM@toc@title=\toks32
\c@AM@survey=\count300
\AM@templatesizebox=\box64
)
(/usr/share/texlive/texmf-dist/tex/latex/l3backend/l3backend-pdftex.def
File: l3backend-pdftex.def 2022-01-12 L3 backend support: PDF output (pdfTeX)
\l__color_backend_stack_int=\count301
\l__pdf_internal_box=\box65
)
(build/proyecto.aux
LaTeX Info: Redefining \. on input line 25.
LaTeX Info: Redefining \% on input line 25.
)
\openout1 = `proyecto.aux'.

LaTeX Font Info:    Checking defaults for OML/cmm/m/it on input line 179.
LaTeX Font Info:    ... okay on input line 179.
LaTeX Font Info:    Checking defaults for OMS/cmsy/m/n on input line 179.
LaTeX Font Info:    ... okay on input line 179.
LaTeX Font Info:    Checking defaults for OT1/cmr/m/n on input line 179.
LaTeX Font Info:    ... okay on input line 179.
LaTeX Font Info:    Checking defaults for T1/cmr/m/n on input line 179.
LaTeX Font Info:    ... okay on input line 179.
LaTeX Font Info:    Checking defaults for TS1/cmr/m/n on input line 179.
LaTeX Font Info:    ... okay on input line 179.
LaTeX Font Info:    Checking defaults for OMX/cmex/m/n on input line 179.
LaTeX Font Info:    ... okay on input line 179.
LaTeX Font Info:    Checking defaults for U/cmr/m/n on input line 179.
LaTeX Font Info:    ... okay on input line 179.
LaTeX Font Info:    Checking defaults for PD1/pdf/m/n on input line 179.
LaTeX Font Info:    ... okay on input line 179.
LaTeX Font Info:    Checking defaults for PU/pdf/m/n on input line 179.
LaTeX Font Info:    ... okay on input line 179.
\c@lstlisting=\count302
LaTeX Info: Redefining \. on input line 179.
LaTeX Info: Redefining \% on input line 179.

(/usr/share/texlive/texmf-dist/tex/context/base/mkii/supp-pdf.mkii
[Loading MPS to PDF converter (version 2006.09.02).]
\scratchcounter=\count303
\scratchdimen=\dimen173
\scratchbox=\box66
\nofMPsegments=\count304
\nofMParguments=\count305
\everyMPshowfont=\toks33
\MPscratchCnt=\count306
\MPscratchDim=\dimen174
\MPnumerator=\count307
\makeMPintoPDFobject=\count308
\everyMPtoPDFconversion=\toks34
) (/usr/share/texlive/texmf-dist/tex/latex/epstopdf-pkg/epstopdf-base.sty
Package: epstopdf-base 2020-01-24 v2.11 Base part for package epstopdf
Package epstopdf-base Info: Redefining graphics rule for `.eps' on input line 4
85.

(/usr/share/texlive/texmf-dist/tex/latex/latexconfig/epstopdf-sys.cfg
File: epstopdf-sys.cfg 2010/07/13 v1.3 Configuration of (r)epstopdf for TeX Liv
e
))
Package caption Info: Begin \AtBeginDocument code.
Package caption Info: hyperref package is loaded.
Package caption Info: longtable package is loaded.

(/usr/share/texlive/texmf-dist/tex/latex/caption/ltcaption.sty
Package: ltcaption 2020/05/30 v1.4b longtable captions (AR)
)
Package caption Info: End \AtBeginDocument code.
Package hyperref Info: Link coloring OFF on input line 179.

(/usr/share/texlive/texmf-dist/tex/latex/hyperref/nameref.sty
Package: nameref 2021-04-02 v2.47 Cross-referencing by name of section

(/usr/share/texlive/texmf-dist/tex/latex/refcount/refcount.sty
Package: refcount 2019/12/15 v3.6 Data extraction from label references (HO)
)
(/usr/share/texlive/texmf-dist/tex/generic/gettitlestring/gettitlestring.sty
Package: gettitlestring 2019/12/15 v1.6 Cleanup title references (HO)
)
\c@section@level=\count309
)
LaTeX Info: Redefining \ref on input line 179.
LaTeX Info: Redefining \pageref on input line 179.
LaTeX Info: Redefining \nameref on input line 179.

(build/proyecto.out) (build/proyecto.out)
\@outlinefile=\write3
\openout3 = `proyecto.out'.


(/usr/share/texlive/texmf-dist/tex/latex/pdflscape/pdflscape.sty
Package: pdflscape 2019/12/05 v0.12 Display of landscape pages in PDF (HO)

(/usr/share/texlive/texmf-dist/tex/latex/graphics/lscape.sty
Package: lscape 2020/05/28 v3.02 Landscape Pages (DPC)
)
Package pdflscape Info: Auto-detected driver: pdftex on input line 81.
)
(./portada/portada.tex
\centeroffset=\skip69
<imagenes/logo_ugr.jpg, id=449, 186.6975pt x 55.6479pt>
File: imagenes/logo_ugr.jpg Graphic file (type jpg)
<use imagenes/logo_ugr.jpg>
Package pdftex.def Info: imagenes/logo_ugr.jpg  used on input line 12.
(pdftex.def)             Requested size: 323.9978pt x 96.57689pt.
LaTeX Font Info:    External font `cmex10' loaded for size
(Font)              <10.95> on input line 23.
LaTeX Font Info:    External font `cmex10' loaded for size
(Font)              <8> on input line 23.
LaTeX Font Info:    External font `cmex10' loaded for size
(Font)              <6> on input line 23.

Overfull \hbox (24.0pt too wide) in paragraph at lines 9--24
| $[]$ 
 []

<imagenes/etsiit_logo.png, id=450, 110.814pt x 40.4712pt>
File: imagenes/etsiit_logo.png Graphic file (type png)
<use imagenes/etsiit_logo.png>
Package pdftex.def Info: imagenes/etsiit_logo.png  used on input line 33.
(pdftex.def)             Requested size: 108.0011pt x 39.44412pt.

Overfull \hbox (24.0pt too wide) in paragraph at lines 26--40
| $[]$
 []

[1


{/var/lib/texmf/fonts/map/pdftex/updmap/pdftex.map} <./imagenes/logo_ugr.jpg> <
./imagenes/etsiit_logo.png>]) (./prefacios/prefacio.tex [2

] [3] [4

]
(./portada/portada_2.tex)
Underfull \hbox (badness 10000) in paragraph at lines 22--23

 []


Overfull \hbox (5.88249pt too wide) in paragraph at lines 25--27
\OT1/cmr/m/n/10.95 ma in-te-gra seis mini-jue-gos ter-ap^^Seuti-cos basa-dos en
 ejer-ci-cios val-i-da-dos cient^^S^^Pfi-
 []


Underfull \hbox (badness 10000) in paragraph at lines 25--27

 []

[5

] [6

]
Underfull \hbox (badness 10000) in paragraph at lines 42--43

 []


Underfull \hbox (badness 10000) in paragraph at lines 45--47

 []

[7] [8

]
Underfull \hbox (badness 10000) in paragraph at lines 51--52

 []


Overfull \hbox (7.03609pt too wide) in paragraph at lines 53--57
[]\OT1/cmr/m/n/10.95 Yo, \OT1/cmr/bx/n/10.95 Al-ber-to Siles Moli-na\OT1/cmr/m/
n/10.95 , alum-no de la tit-u-laci^^Son In-ge-nier^^S^^Pa In-form^^Satica
 []


Overfull \hbox (1.6377pt too wide) in paragraph at lines 53--57
\OT1/cmr/bx/n/10.95 Tele-co-mu-ni-caci^^Son de la Uni-ver-si-dad de Grana-da\OT
1/cmr/m/n/10.95 , con DNI 26050580K,
 []

[9] [10

]
Underfull \hbox (badness 10000) in paragraph at lines 72--73

 []

[11] [12

]) [13] [14

] (build/proyecto.toc
LaTeX Info: Redefining \. on input line 1.
LaTeX Info: Redefining \% on input line 1.
 [1

]

LaTeX Font Warning: Font shape `OT1/cmr/bx/sc' undefined
(Font)              using `OT1/cmr/bx/n' instead on input line 106.


Package spanish Warning: Replacing `OT1/cmr/bx/sc' by 
(spanish)                faked small caps on input line 106.

LaTeX Info: Redefining \. on input line 106.
LaTeX Info: Redefining \% on input line 106.
[2]
LaTeX Info: Redefining \. on input line 156.
LaTeX Info: Redefining \% on input line 156.


Package spanish Warning: Replacing `OT1/cmr/bx/sc' by 
(spanish)                faked small caps on input line 156.

[3])
\tf@toc=\write4
\openout4 = `proyecto.toc'.



Package spanish Warning: Replacing `OT1/cmr/bx/sc' by 
(spanish)                faked small caps on input line 184.

LaTeX Info: Redefining \. on input line 184.
LaTeX Info: Redefining \% on input line 184.
[4] (build/proyecto.lof
LaTeX Info: Redefining \. on input line 1.
LaTeX Info: Redefining \% on input line 1.
 [5

])
\tf@lof=\write5
\openout5 = `proyecto.lof'.



Package spanish Warning: Replacing `OT1/cmr/bx/sc' by 
(spanish)                faked small caps on input line 185.

LaTeX Info: Redefining \. on input line 185.
LaTeX Info: Redefining \% on input line 185.
[6] (build/proyecto.lot
LaTeX Info: Redefining \. on input line 1.
LaTeX Info: Redefining \% on input line 1.
)
\tf@lot=\write6
\openout6 = `proyecto.lot'.

 [7

] [8

] (./capitulos/01_Introduccion.tex
Cap\'{\i }tulo 1.

Underfull \vbox (badness 10000) has occurred while \output is active []

pdfTeX warning (ext4): destination with the same identifier (name{page.1}) has 
been already used, duplicate ignored
<to be read again> 
                   \relax 
l.10 
      [1

]
Overfull \hbox (18.14044pt too wide) in paragraph at lines 18--19
[]\OT1/cmr/m/n/10.95 Investigar los fun-da-men-tos neu-ro-cient^^S^^Pfi-cos de 
la en-fer-medad de Alzheimer,
 []

LaTeX Info: Redefining \. on input line 23.
LaTeX Info: Redefining \% on input line 23.
pdfTeX warning (ext4): destination with the same identifier (name{page.2}) has 
been already used, duplicate ignored
<to be read again> 
                   \relax 
l.23     \item D
                iseñar una interfaz de usuario accesible que cumpla con los...
[2]) (./capitulos/02_Estado.tex
LaTeX Info: Redefining \. on input line 1.
LaTeX Info: Redefining \% on input line 1.
pdfTeX warning (ext4): destination with the same identifier (name{page.3}) has 
been already used, duplicate ignored
<to be read again> 
                   \relax 
l.1 \chapter
            {Estado del Arte} [3]pdfTeX warning (ext4): destination with the sa
me identifier (name{page.4}) has been already used, duplicate ignored
<to be read again> 
                   \relax 
l.1 \chapter
            {Estado del Arte} [4

]
Cap\'{\i }tulo 2.

Underfull \hbox (badness 10000) in paragraph at lines 4--5

 []


Underfull \hbox (badness 10000) in paragraph at lines 6--7

 []


Underfull \vbox (badness 10000) has occurred while \output is active []

pdfTeX warning (ext4): destination with the same identifier (name{page.5}) has 
been already used, duplicate ignored
<to be read again> 
                   \relax 
l.10 \subsection
                {Síntomas} [5]
Underfull \hbox (badness 10000) in paragraph at lines 11--12

 []


Underfull \hbox (badness 10000) in paragraph at lines 13--14

 []


Underfull \hbox (badness 10000) in paragraph at lines 15--16

 []


Underfull \hbox (badness 10000) in paragraph at lines 17--18

 []

LaTeX Info: Redefining \. on input line 26.
LaTeX Info: Redefining \% on input line 26.
pdfTeX warning (ext4): destination with the same identifier (name{page.6}) has 
been already used, duplicate ignored
<to be read again> 
                   \relax 
l.26     \item O
                rientación y apoyo familiar. [6]
Underfull \hbox (badness 10000) in paragraph at lines 29--30

 []


Underfull \hbox (badness 10000) in paragraph at lines 31--32

 []


Overfull \hbox (19.3238pt too wide) in paragraph at lines 33--34
[]\OT1/cmr/m/n/10.95 Finalmente, la ori-entaci^^Son fa-mil-iar con-sti-tuye una
 parte cr^^S^^Ptica del tratamien-
 []


Underfull \hbox (badness 10000) in paragraph at lines 36--37

 []


Underfull \hbox (badness 10000) in paragraph at lines 38--39

 []

LaTeX Info: Redefining \. on input line 40.
LaTeX Info: Redefining \% on input line 40.
pdfTeX warning (ext4): destination with the same identifier (name{page.7}) has 
been already used, duplicate ignored
<to be read again> 
                   \relax 
l.40 E
      ntre las terapias orientadas a la estimulación cognitiva destacan \ci...
[7]
<imagenes/estado_arte/estimulacion/superpuestas.png, id=869, 366.61969pt x 246.
9225pt>
File: imagenes/estado_arte/estimulacion/superpuestas.png Graphic file (type png
)
<use imagenes/estado_arte/estimulacion/superpuestas.png>
Package pdftex.def Info: imagenes/estado_arte/estimulacion/superpuestas.png  us
ed on input line 51.
(pdftex.def)             Requested size: 251.9989pt x 169.72487pt.
<imagenes/estado_arte/estimulacion/definiciones.png, id=870, 430.60875pt x 127.
97812pt>
File: imagenes/estado_arte/estimulacion/definiciones.png Graphic file (type png
)
<use imagenes/estado_arte/estimulacion/definiciones.png>
Package pdftex.def Info: imagenes/estado_arte/estimulacion/definiciones.png  us
ed on input line 57.
(pdftex.def)             Requested size: 251.9989pt x 74.89716pt.
<imagenes/estado_arte/estimulacion/frase.png, id=871, 371.88937pt x 240.9pt>
File: imagenes/estado_arte/estimulacion/frase.png Graphic file (type png)
<use imagenes/estado_arte/estimulacion/frase.png>
Package pdftex.def Info: imagenes/estado_arte/estimulacion/frase.png  used on i
nput line 63.
(pdftex.def)             Requested size: 251.9989pt x 163.24374pt.
LaTeX Info: Redefining \. on input line 65.
LaTeX Info: Redefining \% on input line 65.
pdfTeX warning (ext4): destination with the same identifier (name{page.8}) has 
been already used, duplicate ignored
<to be read again> 
                   \relax 
l.65     \end{figure}
                      [8 <./imagenes/estado_arte/estimulacion/superpuestas.png>
 <./imagenes/estado_arte/estimulacion/definiciones.png>]
<imagenes/estado_arte/estimulacion/intruso.png, id=878, 381.67593pt x 145.29282
pt>
File: imagenes/estado_arte/estimulacion/intruso.png Graphic file (type png)
<use imagenes/estado_arte/estimulacion/intruso.png>
Package pdftex.def Info: imagenes/estado_arte/estimulacion/intruso.png  used on
 input line 69.
(pdftex.def)             Requested size: 251.9989pt x 95.92902pt.
<imagenes/estado_arte/estimulacion/UNIR.png, id=879, 362.85562pt x 224.33812pt>

File: imagenes/estado_arte/estimulacion/UNIR.png Graphic file (type png)
<use imagenes/estado_arte/estimulacion/UNIR.png>
Package pdftex.def Info: imagenes/estado_arte/estimulacion/UNIR.png  used on in
put line 75.
(pdftex.def)             Requested size: 251.9989pt x 155.80328pt.

Underfull \vbox (badness 10000) has occurred while \output is active []

LaTeX Info: Redefining \. on input line 78.
LaTeX Info: Redefining \% on input line 78.
pdfTeX warning (ext4): destination with the same identifier (name{page.9}) has 
been already used, duplicate ignored
<to be read again> 
                   \relax 
l.78     \item \textbf
                      {Ordenar acciones:} Consiste en organizar cronológica...
[9 <./imagenes/estado_arte/estimulacion/frase.png> <./imagenes/estado_arte/esti
mulacion/intruso.png>]
<imagenes/estado_arte/estimulacion/ordenar.png, id=886, 364.36125pt x 186.6975p
t>
File: imagenes/estado_arte/estimulacion/ordenar.png Graphic file (type png)
<use imagenes/estado_arte/estimulacion/ordenar.png>
Package pdftex.def Info: imagenes/estado_arte/estimulacion/ordenar.png  used on
 input line 81.
(pdftex.def)             Requested size: 251.9989pt x 129.12337pt.

Underfull \hbox (badness 10000) in paragraph at lines 91--92

 []

LaTeX Info: Redefining \. on input line 94.
LaTeX Info: Redefining \% on input line 94.
pdfTeX warning (ext4): destination with the same identifier (name{page.10}) has
 been already used, duplicate ignored
<to be read again> 
                   \relax 
l.94 E
      sta plataforma es compatible con smartphones, tablets y chromebooks. P...
[10 <./imagenes/estado_arte/estimulacion/UNIR.png> <./imagenes/estado_arte/esti
mulacion/ordenar.png>]
Underfull \hbox (badness 10000) in paragraph at lines 94--95

 []

<imagenes/estado_arte/constantTherapy/interfaz.png, id=893, 1257.94969pt x 797.
22844pt>
File: imagenes/estado_arte/constantTherapy/interfaz.png Graphic file (type png)

<use imagenes/estado_arte/constantTherapy/interfaz.png>
Package pdftex.def Info: imagenes/estado_arte/constantTherapy/interfaz.png  use
d on input line 99.
(pdftex.def)             Requested size: 251.9989pt x 159.69832pt.
<imagenes/estado_arte/constantTherapy/juego1.png, id=894, 1245.15187pt x 725.71
124pt>
File: imagenes/estado_arte/constantTherapy/juego1.png Graphic file (type png)
<use imagenes/estado_arte/constantTherapy/juego1.png>
Package pdftex.def Info: imagenes/estado_arte/constantTherapy/juego1.png  used 
on input line 118.
(pdftex.def)             Requested size: 251.9989pt x 146.86713pt.
LaTeX Info: Redefining \. on input line 121.
LaTeX Info: Redefining \% on input line 121.
pdfTeX warning (ext4): destination with the same identifier (name{page.11}) has
 been already used, duplicate ignored
<to be read again> 
                   \relax 
l.121 
       [11 <./imagenes/estado_arte/constantTherapy/interfaz.png>]
<imagenes/estado_arte/constantTherapy/juego2.png, id=899, 1307.63531pt x 793.46
437pt>
File: imagenes/estado_arte/constantTherapy/juego2.png Graphic file (type png)
<use imagenes/estado_arte/constantTherapy/juego2.png>
Package pdftex.def Info: imagenes/estado_arte/constantTherapy/juego2.png  used 
on input line 125.
(pdftex.def)             Requested size: 251.9989pt x 152.90279pt.
<imagenes/estado_arte/constantTherapy/final.png, id=900, 1276.01718pt x 695.598
75pt>
File: imagenes/estado_arte/constantTherapy/final.png Graphic file (type png)
<use imagenes/estado_arte/constantTherapy/final.png>
Package pdftex.def Info: imagenes/estado_arte/constantTherapy/final.png  used o
n input line 132.
(pdftex.def)             Requested size: 251.9989pt x 137.36598pt.

Underfull \vbox (badness 10000) has occurred while \output is active []

LaTeX Info: Redefining \. on input line 136.
LaTeX Info: Redefining \% on input line 136.
pdfTeX warning (ext4): destination with the same identifier (name{page.12}) has
 been already used, duplicate ignored
<to be read again> 
                   \relax 
l.136 
       [12 <./imagenes/estado_arte/constantTherapy/juego1.png> <./imagenes/esta
do_arte/constantTherapy/juego2.png>]
<imagenes/estado_arte/constantTherapy/juego4.png, id=906, 989.94844pt x 709.149
37pt>
File: imagenes/estado_arte/constantTherapy/juego4.png Graphic file (type png)
<use imagenes/estado_arte/constantTherapy/juego4.png>
Package pdftex.def Info: imagenes/estado_arte/constantTherapy/juego4.png  used 
on input line 140.
(pdftex.def)             Requested size: 251.9989pt x 180.51147pt.
<imagenes/estado_arte/constantTherapy/juego3.png, id=907, 934.99312pt x 706.138
12pt>
File: imagenes/estado_arte/constantTherapy/juego3.png Graphic file (type png)
<use imagenes/estado_arte/constantTherapy/juego3.png>
Package pdftex.def Info: imagenes/estado_arte/constantTherapy/juego3.png  used 
on input line 147.
(pdftex.def)             Requested size: 251.9989pt x 190.31505pt.

Underfull \vbox (badness 10000) has occurred while \output is active []

LaTeX Info: Redefining \. on input line 151.
LaTeX Info: Redefining \% on input line 151.
pdfTeX warning (ext4): destination with the same identifier (name{page.13}) has
 been already used, duplicate ignored
<to be read again> 
                   \relax 
l.151 
       [13 <./imagenes/estado_arte/constantTherapy/final.png> <./imagenes/estad
o_arte/constantTherapy/juego4.png>]
<imagenes/estado_arte/constantTherapy/juego6.png, id=913, 927.465pt x 700.11563
pt>
File: imagenes/estado_arte/constantTherapy/juego6.png Graphic file (type png)
<use imagenes/estado_arte/constantTherapy/juego6.png>
Package pdftex.def Info: imagenes/estado_arte/constantTherapy/juego6.png  used 
on input line 155.
(pdftex.def)             Requested size: 251.9989pt x 190.21954pt.
<imagenes/estado_arte/constantTherapy/juego5.png, id=914, 928.21782pt x 706.138
12pt>
File: imagenes/estado_arte/constantTherapy/juego5.png Graphic file (type png)
<use imagenes/estado_arte/constantTherapy/juego5.png>
Package pdftex.def Info: imagenes/estado_arte/constantTherapy/juego5.png  used 
on input line 163.
(pdftex.def)             Requested size: 251.9989pt x 191.70499pt.

Underfull \vbox (badness 10000) has occurred while \output is active []

LaTeX Info: Redefining \. on input line 167.
LaTeX Info: Redefining \% on input line 167.
pdfTeX warning (ext4): destination with the same identifier (name{page.14}) has
 been already used, duplicate ignored
<to be read again> 
                   \relax 
l.167 
       [14 <./imagenes/estado_arte/constantTherapy/juego3.png> <./imagenes/esta
do_arte/constantTherapy/juego6.png>]
<imagenes/estado_arte/constantTherapy/estadisticas.png, id=920, 978.65625pt x 5
05.13719pt>
File: imagenes/estado_arte/constantTherapy/estadisticas.png Graphic file (type 
png)
<use imagenes/estado_arte/constantTherapy/estadisticas.png>
Package pdftex.def Info: imagenes/estado_arte/constantTherapy/estadisticas.png 
 used on input line 171.
(pdftex.def)             Requested size: 251.9989pt x 130.0685pt.
<imagenes/estado_arte/constantTherapy/seguimiento.png, id=921, 1191.7022pt x 76
3.35187pt>
File: imagenes/estado_arte/constantTherapy/seguimiento.png Graphic file (type p
ng)
<use imagenes/estado_arte/constantTherapy/seguimiento.png>
Package pdftex.def Info: imagenes/estado_arte/constantTherapy/seguimiento.png  
used on input line 179.
(pdftex.def)             Requested size: 251.9989pt x 161.41516pt.

Underfull \vbox (badness 10000) has occurred while \output is active []

LaTeX Info: Redefining \. on input line 183.
LaTeX Info: Redefining \% on input line 183.
 [15 <./imagenes/estado_arte/constantTherapy/juego5.png> <./imagenes/estado_art
e/constantTherapy/estadisticas.png>]
LaTeX Info: Redefining \. on input line 193.
LaTeX Info: Redefining \% on input line 193.
 [16 <./imagenes/estado_arte/constantTherapy/seguimiento.png>]
LaTeX Info: Redefining \. on input line 204.
LaTeX Info: Redefining \% on input line 204.
 [17]) (./capitulos/03_Planificacion.tex
LaTeX Info: Redefining \. on input line 1.
LaTeX Info: Redefining \% on input line 1.
 [18]
Cap\'{\i }tulo 3.

Overfull \hbox (17.74504pt too wide) in paragraph at lines 13--14
\OT1/cmr/m/n/10.95 am-pli-a-mente adop-ta-do en la in-dus-tria del soft-ware. S
crum no es una metodolog^^S^^Pa
 []

[19

]
LaTeX Info: Redefining \. on input line 35.
LaTeX Info: Redefining \% on input line 35.
 [20]
LaTeX Info: Redefining \. on input line 55.
LaTeX Info: Redefining \% on input line 55.
 [21]
<imagenes/cronologia/scrum2.png, id=975, 1633.10126pt x 1054.94125pt>
File: imagenes/cronologia/scrum2.png Graphic file (type png)
<use imagenes/cronologia/scrum2.png>
Package pdftex.def Info: imagenes/cronologia/scrum2.png  used on input line 64.

(pdftex.def)             Requested size: 251.9989pt x 162.77374pt.

Underfull \vbox (badness 10000) has occurred while \output is active []

LaTeX Info: Redefining \. on input line 67.
LaTeX Info: Redefining \% on input line 67.
 [22]
<imagenes/cronologia/diagrama1.png, id=980, 1803.73875pt x 598.235pt>
File: imagenes/cronologia/diagrama1.png Graphic file (type png)
<use imagenes/cronologia/diagrama1.png>
Package pdftex.def Info: imagenes/cronologia/diagrama1.png  used on input line 
74.
(pdftex.def)             Requested size: 360.0pt x 119.3984pt.
<imagenes/cronologia/diagramaa2.png, id=981, 1798.72pt x 501.875pt>
File: imagenes/cronologia/diagramaa2.png Graphic file (type png)
<use imagenes/cronologia/diagramaa2.png>
Package pdftex.def Info: imagenes/cronologia/diagramaa2.png  used on input line
 81.
(pdftex.def)             Requested size: 360.0pt x 100.44214pt.
<imagenes/cronologia/diagrama3.png, id=982, 1141.26375pt x 227.85126pt>
File: imagenes/cronologia/diagrama3.png Graphic file (type png)
<use imagenes/cronologia/diagrama3.png>
Package pdftex.def Info: imagenes/cronologia/diagrama3.png  used on input line 
88.
(pdftex.def)             Requested size: 360.0pt x 71.87086pt.
LaTeX Info: Redefining \. on input line 92.
LaTeX Info: Redefining \% on input line 92.

[23 <./imagenes/cronologia/scrum2.png (PNG copy)> <./imagenes/cronologia/diagra
ma1.png> <./imagenes/cronologia/diagramaa2.png>]
Underfull \hbox (badness 1502) in paragraph at lines 109--109
[]|\OT1/cmr/m/n/10.95 Sprint 3 -- Fron-tend y m^^Sodu-los
 []

LaTeX Info: Redefining \. on input line 121.
LaTeX Info: Redefining \% on input line 121.
[24 <./imagenes/cronologia/diagrama3.png>]
Overfull \hbox (0.19164pt too wide) in paragraph at lines 123--124
[]\OT1/cmr/m/n/10.95 Considerando una du-raci^^Son de 5 meses, el coste to-tal 
es-ti-ma-do del proyec-
 []

) (./capitulos/04_Analisis.tex
LaTeX Info: Redefining \. on input line 1.
LaTeX Info: Redefining \% on input line 1.
 [25] [26

]
Cap\'{\i }tulo 4.

Underfull \vbox (badness 10000) has occurred while \output is active []

 [27]
Overfull \hbox (5.69975pt too wide) in paragraph at lines 19--20
[]\OT1/cmr/bx/sc/10.95 RF-1.5. \OT1/cmr/m/n/10.95 El usuario ter-apeu-ta po-dr^
^Sa mod-i-ficar los datos del usuario
 []

LaTeX Info: Redefining \. on input line 40.
LaTeX Info: Redefining \% on input line 40.
[28]
LaTeX Info: Redefining \. on input line 66.
LaTeX Info: Redefining \% on input line 66.
 [29]
Overfull \hbox (2.20174pt too wide) in paragraph at lines 90--91
[]\OT1/cmr/bx/sc/10.95 RNF-3.1. \OT1/cmr/m/n/10.95 Se deben min-i-mizar la apar
i-ci^^Son de er-rores, para garan-
 []

LaTeX Info: Redefining \. on input line 99.
LaTeX Info: Redefining \% on input line 99.
[30]
Underfull \hbox (badness 10000) in paragraph at lines 129--129
[]|\OT1/cmr/bx/sc/10.95 Caracter^^S^^Psti-
 []


Underfull \hbox (badness 10000) in paragraph at lines 154--154
[]|\OT1/cmr/m/n/10.95 Nombre de
 []


Underfull \vbox (badness 4266) has occurred while \output is active []

LaTeX Info: Redefining \. on input line 158.
LaTeX Info: Redefining \% on input line 158.
 [31]
Underfull \hbox (badness 10000) in paragraph at lines 171--171
[]|\OT1/cmr/bx/sc/10.95 Caracter^^S^^Psti-
 []


Underfull \hbox (badness 10000) in paragraph at lines 194--194
[]|\OT1/cmr/m/n/10.95 Nombre de
 []


Underfull \hbox (badness 10000) in paragraph at lines 210--210
[]|\OT1/cmr/bx/sc/10.95 Caracter^^S^^Psti-
 []


Underfull \hbox (badness 10000) in paragraph at lines 237--237
[]|\OT1/cmr/m/n/10.95 Nombre de
 []


Underfull \hbox (badness 10000) in paragraph at lines 237--237
[]|\OT1/cmr/m/n/10.95 Identificador
 []


Underfull \hbox (badness 10000) in paragraph at lines 237--237
[]|\OT1/cmr/m/n/10.95 Fecha de
 []


Underfull \vbox (badness 10000) has occurred while \output is active []

LaTeX Info: Redefining \. on input line 241.
LaTeX Info: Redefining \% on input line 241.
 [32]
<imagenes/casos_uso/gestion_usuarios.png, id=1033, 983.675pt x 844.15375pt>
File: imagenes/casos_uso/gestion_usuarios.png Graphic file (type png)
<use imagenes/casos_uso/gestion_usuarios.png>
Package pdftex.def Info: imagenes/casos_uso/gestion_usuarios.png  used on input
 line 255.
(pdftex.def)             Requested size: 288.0011pt x 247.15549pt.

Underfull \vbox (badness 10000) has occurred while \output is active []

LaTeX Info: Redefining \. on input line 258.
LaTeX Info: Redefining \% on input line 258.
 [33]
<imagenes/casos_uso/asignacion_pacientes.png, id=1039, 703.62875pt x 502.87875p
t>
File: imagenes/casos_uso/asignacion_pacientes.png Graphic file (type png)
<use imagenes/casos_uso/asignacion_pacientes.png>
Package pdftex.def Info: imagenes/casos_uso/asignacion_pacientes.png  used on i
nput line 264.
(pdftex.def)             Requested size: 216.0022pt x 154.37148pt.
LaTeX Info: Redefining \. on input line 273.
LaTeX Info: Redefining \% on input line 273.

[34 <./imagenes/casos_uso/gestion_usuarios.png> <./imagenes/casos_uso/asignacio
n_pacientes.png>]
<imagenes/casos_uso/gestion_estadisticas.png, id=1046, 762.85pt x 422.57875pt>
File: imagenes/casos_uso/gestion_estadisticas.png Graphic file (type png)
<use imagenes/casos_uso/gestion_estadisticas.png>
Package pdftex.def Info: imagenes/casos_uso/gestion_estadisticas.png  used on i
nput line 280.
(pdftex.def)             Requested size: 288.0011pt x 159.537pt.
) (./capitulos/05_Diseno.tex
LaTeX Info: Redefining \. on input line 1.
LaTeX Info: Redefining \% on input line 1.
 [35 <./imagenes/casos_uso/gestion_estadisticas.png>] [36

]
Cap\'{\i }tulo 5.

Underfull \vbox (badness 3590) has occurred while \output is active []

 [37]
Overfull \hbox (20.17836pt too wide) in paragraph at lines 29--31
\OT1/cmr/m/n/10.95 ho-mog^^Seneo. Se pre-sen-ta un con-jun-to de im^^Sagenes o 
pal-abras que pertenecen
 []

LaTeX Info: Redefining \. on input line 36.
LaTeX Info: Redefining \% on input line 36.
[38]
LaTeX Info: Redefining \. on input line 52.
LaTeX Info: Redefining \% on input line 52.
 [39]
Underfull \vbox (badness 1448) has occurred while \output is active []

LaTeX Info: Redefining \. on input line 92.
LaTeX Info: Redefining \% on input line 92.
 [40]
Underfull \vbox (badness 1515) has occurred while \output is active []

LaTeX Info: Redefining \. on input line 104.
LaTeX Info: Redefining \% on input line 104.
 [41]
LaTeX Info: Redefining \. on input line 123.
LaTeX Info: Redefining \% on input line 123.

[42]
<imagenes/diseno/arquitectura.png, id=1107, 1445.4pt x 813.0375pt>
File: imagenes/diseno/arquitectura.png Graphic file (type png)
<use imagenes/diseno/arquitectura.png>
Package pdftex.def Info: imagenes/diseno/arquitectura.png  used on input line 1
41.
(pdftex.def)             Requested size: 323.9978pt x 182.24321pt.

Underfull \vbox (badness 1221) has occurred while \output is active []

LaTeX Info: Redefining \. on input line 145.
LaTeX Info: Redefining \% on input line 145.
 [43]
<imagenes/diseno/diagrama_conceptual.png, id=1117, 1155.31625pt x 353.32pt>
File: imagenes/diseno/diagrama_conceptual.png Graphic file (type png)
<use imagenes/diseno/diagrama_conceptual.png>
Package pdftex.def Info: imagenes/diseno/diagrama_conceptual.png  used on input
 line 152.
(pdftex.def)             Requested size: 323.9978pt x 99.08527pt.
LaTeX Info: Redefining \. on input line 164.
LaTeX Info: Redefining \% on input line 164.

[44 <./imagenes/diseno/arquitectura.png (PNG copy)> <./imagenes/diseno/diagrama
_conceptual.png>]
<imagenes/diseno/diagrama_bd.png, id=1124, 1006.76125pt x 412.54124pt>
File: imagenes/diseno/diagrama_bd.png Graphic file (type png)
<use imagenes/diseno/diagrama_bd.png>
Package pdftex.def Info: imagenes/diseno/diagrama_bd.png  used on input line 16
7.
(pdftex.def)             Requested size: 323.9978pt x 132.76498pt.

Underfull \hbox (badness 1082) in paragraph at lines 191--191
[]|\OT1/cmr/m/n/10 Vincula de for-ma di-rec-ta
 []


Underfull \hbox (badness 2359) in paragraph at lines 191--191
[]|\OT1/cmr/m/n/10 Almacena los par^^Samet-ros
 []


Underfull \hbox (badness 4168) in paragraph at lines 191--191
\OT1/cmr/m/n/10 base, ru-tas y con-fig-u-ra-
 []


Underfull \hbox (badness 1953) in paragraph at lines 191--191
[]|\OT1/cmr/m/n/10 Claves for^^Saneas ref-er-en-ci-
 []


Underfull \hbox (badness 2012) in paragraph at lines 191--191
[]|\OT1/cmr/m/n/10 Relaciona jer^^Sarquica-mente
 []


Underfull \hbox (badness 10000) in paragraph at lines 191--191
[]|\OT1/cmr/m/n/10 Vinculaci^^Son me-di-ante el
 []


Underfull \hbox (badness 1009) in paragraph at lines 191--191
\OT1/cmr/m/n/10 iden-ti-fi-cador de agen-da e
 []


Underfull \hbox (badness 10000) in paragraph at lines 191--191
[]|\OT1/cmr/m/n/10 Asociaci^^Son me-di-ante los
 []


Underfull \hbox (badness 5817) in paragraph at lines 191--191
\OT1/cmr/m/n/10 iden-ti-fi-cadores de am-bos
 []


Overfull \hbox (1.06302pt too wide) in paragraph at lines 195--195
[]\OT1/cmr/bx/n/14.4 Dise~no de la In-ter-faz y Ex-pe-ri-en-cia de Usuario 
 []

LaTeX Info: Redefining \. on input line 202.
LaTeX Info: Redefining \% on input line 202.
[45 <./imagenes/diseno/diagrama_bd.png>]
LaTeX Info: Redefining \. on input line 202.
LaTeX Info: Redefining \% on input line 202.
 [46]
LaTeX Info: Redefining \. on input line 214.
LaTeX Info: Redefining \% on input line 214.
 [47]
Underfull \hbox (badness 10000) in paragraph at lines 231--231
[]|\OT1/cmr/bx/n/10 Elemento de
 []


Underfull \hbox (badness 10000) in paragraph at lines 231--231
[]|\OT1/cmr/bx/n/10 Justificaci^^Son
 []


Underfull \hbox (badness 10000) in paragraph at lines 231--231
[]|\OT1/cmr/m/n/10 Azul de ba-ja
 []


Underfull \hbox (badness 10000) in paragraph at lines 231--231
\OT1/cmr/m/n/10 lu-mi-nosi-dad.
 []


Underfull \hbox (badness 6592) in paragraph at lines 231--231
\OT1/cmr/m/n/10 Re-duce el con-
 []


Underfull \hbox (badness 5924) in paragraph at lines 231--231
\OT1/cmr/m/n/10 traste estri-dente
 []


Underfull \hbox (badness 1688) in paragraph at lines 231--231
\OT1/cmr/m/n/10 ma in-tu-iti-va sin
 []


Underfull \hbox (badness 10000) in paragraph at lines 231--231
[]|\OT1/cmr/m/n/10 Amarillo suave.
 []


Underfull \hbox (badness 10000) in paragraph at lines 231--231
\OT1/cmr/m/n/10 ha-cia el-e-men-
 []


Underfull \hbox (badness 10000) in paragraph at lines 231--231
\OT1/cmr/m/n/10 tos clave sin
 []


Underfull \hbox (badness 10000) in paragraph at lines 231--231
\OT1/cmr/m/n/10 so-bre-car-gar la
 []


Underfull \hbox (badness 10000) in paragraph at lines 231--231
\OT1/cmr/m/n/10 per-cep-ci^^Son del
 []


Underfull \hbox (badness 10000) in paragraph at lines 231--231
[]|\OT1/cmr/m/n/10 Tipograf^^S^^Pa/-Con-
 []


Underfull \hbox (badness 10000) in paragraph at lines 231--231
\OT1/cmr/m/n/10 puro (\OT1/cmtt/m/n/10 #000000\OT1/cmr/m/n/10 )
 []


Underfull \hbox (badness 10000) in paragraph at lines 231--231
\OT1/cmr/m/n/10 para suavizar
 []


Underfull \hbox (badness 10000) in paragraph at lines 231--231
\OT1/cmr/m/n/10 el con-traste
 []


Underfull \hbox (badness 10000) in paragraph at lines 231--231
\OT1/cmr/m/n/10 texto-fondo,
 []


Underfull \hbox (badness 10000) in paragraph at lines 231--231
\OT1/cmr/m/n/10 previnien-do el
 []


Underfull \hbox (badness 4819) in paragraph at lines 231--231
[]|\OT1/cmr/m/n/10 Verde suave de
 []


Underfull \hbox (badness 7851) in paragraph at lines 231--231
\OT1/cmr/m/n/10 ba-ja sat-u-raci^^Son.
 []


Underfull \hbox (badness 1377) in paragraph at lines 231--231
\OT1/cmr/m/n/10 ci^^Son cor-rec-ta de
 []


Underfull \hbox (badness 10000) in paragraph at lines 231--231
\OT1/cmr/m/n/10 tar-eas me-di-ante
 []


Underfull \hbox (badness 10000) in paragraph at lines 231--231
[]|\OT1/cmr/m/n/10 Naranja pas-tel.
 []


Underfull \hbox (badness 1668) in paragraph at lines 231--231
\OT1/cmr/m/n/10 ci^^Son del usuario
 []


Underfull \hbox (badness 10000) in paragraph at lines 231--231
\OT1/cmr/m/n/10 del col-or ro-jo
 []


Underfull \vbox (badness 10000) has occurred while \output is active []

LaTeX Info: Redefining \. on input line 236.
LaTeX Info: Redefining \% on input line 236.
 [48]
LaTeX Info: Redefining \. on input line 239.
LaTeX Info: Redefining \% on input line 239.

[49]
Overfull \hbox (3.53355pt too wide) in paragraph at lines 247--248
[]\OT1/cmr/bx/sc/10.95 Valoraci^^Son de Citas: \OT1/cmr/m/n/10.95 Se ac-ti-va d
e for-ma au-tom^^Satica cuan-do el usuario
 []


Overfull \hbox (1.51808pt too wide) in paragraph at lines 250--250
[]\OT1/cmr/bx/n/12 Requerimientos de Ac-ce-si-bil-i-dad y Cumplim-ien-to Nor-
 []


Overfull \hbox (10.23259pt too wide) in paragraph at lines 256--257
[]\OT1/cmr/bx/sc/10.95 Dimensionamiento de Ob-je-tivos T^^Sactiles (WCAG 2.5.5 
- AAA):
 []

LaTeX Info: Redefining \. on input line 257.
LaTeX Info: Redefining \% on input line 257.
[50]
Overfull \hbox (0.49576pt too wide) in paragraph at lines 258--259
[]\OT1/cmr/bx/sc/10.95 Flexibilidad Tem-po-ral (WCAG 2.2.1): \OT1/cmr/m/n/10.95
 Se descar-tan las mec^^Sanicas
 []

<imagenes/mockup/landing.png, id=1159, 736.25063pt x 500.62032pt>
File: imagenes/mockup/landing.png Graphic file (type png)
<use imagenes/mockup/landing.png>
Package pdftex.def Info: imagenes/mockup/landing.png  used on input line 268.
(pdftex.def)             Requested size: 172.79846pt x 117.49301pt.
<imagenes/mockup/login.png, id=1160, 505.89pt x 502.87875pt>
File: imagenes/mockup/login.png Graphic file (type png)
<use imagenes/mockup/login.png>
Package pdftex.def Info: imagenes/mockup/login.png  used on input line 275.
(pdftex.def)             Requested size: 172.79846pt x 171.77454pt.
<imagenes/mockup/menu_doctor.png, id=1161, 834.86906pt x 475.7775pt>
File: imagenes/mockup/menu_doctor.png Graphic file (type png)
<use imagenes/mockup/menu_doctor.png>
Package pdftex.def Info: imagenes/mockup/menu_doctor.png  used on input line 28
5.
(pdftex.def)             Requested size: 172.79846pt x 98.47153pt.

Underfull \hbox (badness 10000) in paragraph at lines 286--286
[]\OT1/cmr/m/n/10.95 Figura 5.6: |Pan-el prin-ci-pal
 []


Underfull \hbox (badness 10000) in paragraph at lines 286--286
\OT1/cmr/m/n/10.95 (*Home*) del rol M^^Sedi-co/-Doc-
 []

<imagenes/mockup/menu_admiin.png, id=1162, 862.72313pt x 472.76625pt>
File: imagenes/mockup/menu_admiin.png Graphic file (type png)
<use imagenes/mockup/menu_admiin.png>
Package pdftex.def Info: imagenes/mockup/menu_admiin.png  used on input line 29
2.
(pdftex.def)             Requested size: 172.79846pt x 94.68863pt.

Underfull \hbox (badness 10000) in paragraph at lines 293--293
[]\OT1/cmr/m/n/10.95 Figura 5.7: |Pan-el prin-ci-pal
 []

LaTeX Info: Redefining \. on input line 297.
LaTeX Info: Redefining \% on input line 297.
[51 <./imagenes/mockup/landing.png> <./imagenes/mockup/login.png>]
<imagenes/mockup/home_paciente.png, id=1170, 831.105pt x 492.33937pt>
File: imagenes/mockup/home_paciente.png Graphic file (type png)
<use imagenes/mockup/home_paciente.png>
Package pdftex.def Info: imagenes/mockup/home_paciente.png  used on input line 
302.
(pdftex.def)             Requested size: 172.79846pt x 102.3651pt.
<imagenes/mockup/pacientes.png, id=1171, 889.07156pt x 503.63156pt>
File: imagenes/mockup/pacientes.png Graphic file (type png)
<use imagenes/mockup/pacientes.png>
Package pdftex.def Info: imagenes/mockup/pacientes.png  used on input line 309.

(pdftex.def)             Requested size: 172.79846pt x 97.88115pt.
<imagenes/mockup/listar_agendas.png, id=1172, 687.31781pt x 502.12593pt>
File: imagenes/mockup/listar_agendas.png Graphic file (type png)
<use imagenes/mockup/listar_agendas.png>
Package pdftex.def Info: imagenes/mockup/listar_agendas.png  used on input line
 319.
(pdftex.def)             Requested size: 172.79846pt x 126.23605pt.
<imagenes/mockup/agenda_paciente.png, id=1173, 679.03688pt x 488.57532pt>
File: imagenes/mockup/agenda_paciente.png Graphic file (type png)
<use imagenes/mockup/agenda_paciente.png>
Package pdftex.def Info: imagenes/mockup/agenda_paciente.png  used on input lin
e 326.
(pdftex.def)             Requested size: 172.79846pt x 124.32785pt.
<imagenes/mockup/seguimiento.png, id=1174, 683.55376pt x 497.60907pt>
File: imagenes/mockup/seguimiento.png Graphic file (type png)
<use imagenes/mockup/seguimiento.png>
Package pdftex.def Info: imagenes/mockup/seguimiento.png  used on input line 33
6.
(pdftex.def)             Requested size: 172.79846pt x 125.79146pt.
<imagenes/mockup/crear_paciente.png, id=1175, 800.23969pt x 491.58656pt>
File: imagenes/mockup/crear_paciente.png Graphic file (type png)
<use imagenes/mockup/crear_paciente.png>
Package pdftex.def Info: imagenes/mockup/crear_paciente.png  used on input line
 343.
(pdftex.def)             Requested size: 172.79846pt x 106.1466pt.
)
Underfull \vbox (badness 10000) has occurred while \output is active []

LaTeX Info: Redefining \. on input line 197.
LaTeX Info: Redefining \% on input line 197.
 [52 <./imagenes/mockup/menu_doctor.png> <./imagenes/mockup/menu_admiin.png> <.
/imagenes/mockup/home_paciente.png> <./imagenes/mockup/pacientes.png> <./imagen
es/mockup/listar_agendas.png> <./imagenes/mockup/agenda_paciente.png>]
(./capitulos/06_Tecnologia.tex
LaTeX Info: Redefining \. on input line 1.
LaTeX Info: Redefining \% on input line 1.
 [53 <./imagenes/mockup/seguimiento.png> <./imagenes/mockup/crear_paciente.png>
] [54

]
Cap\'{\i }tulo 6.

Overfull \hbox (1.33151pt too wide) in paragraph at lines 15--16
\OT1/cmr/m/n/10.95 un rendimien-to ex-cep-cional en op-era-ciones de lec-tura (
\OT1/cmr/m/it/10.95 read-heavy work-
 []

[55]
Overfull \hbox (3.7838pt too wide) in paragraph at lines 17--18
\OT1/cmr/m/n/10.95 ex-ten-di-da, posee uno de los eco-sis-temas m^^Sas grandes.
 La doc-u-mentaci^^Son
 []


Overfull \hbox (0.24074pt too wide) in paragraph at lines 24--25
[]\OT1/cmr/bx/sc/10.95 Velocidad de De-sar-rol-lo: \OT1/cmr/m/n/10.95 Al no re-
querirse un pe-ri-o-do de adaptaci^^Son,
 []

LaTeX Info: Redefining \. on input line 31.
LaTeX Info: Redefining \% on input line 31.
[56]
Overfull \hbox (0.91025pt too wide) in paragraph at lines 35--36
[]\OT1/cmr/bx/sc/10.95 Auto-configuraci^^Son: \OT1/cmr/m/n/10.95 Spring Boot in
-spec-ciona el \OT1/cmr/m/it/10.95 class-path \OT1/cmr/m/n/10.95 del proyec-
 []

LaTeX Info: Redefining \. on input line 45.
LaTeX Info: Redefining \% on input line 45.
[57]
LaTeX Info: Redefining \. on input line 61.
LaTeX Info: Redefining \% on input line 61.
 [58]
Overfull \hbox (5.75322pt too wide) in paragraph at lines 63--64
[]\OT1/cmr/m/n/10.95 Las es-peci-fi-ca-ciones con-tem-por^^Saneas
 []

LaTeX Info: Redefining \. on input line 75.
LaTeX Info: Redefining \% on input line 75.
[59]
Overfull \hbox (22.84096pt too wide) in paragraph at lines 80--81
\OT1/cmr/m/n/10.95 dondeadas, som-bras y an-i-ma-ciones basadas en fo-togra-mas
 clave (\OT1/cmr/m/it/10.95 keyframes\OT1/cmr/m/n/10.95 )
 []

LaTeX Info: Redefining \. on input line 90.
LaTeX Info: Redefining \% on input line 90.
[60]
LaTeX Info: Redefining \. on input line 116.
LaTeX Info: Redefining \% on input line 116.
 [61]
Overfull \hbox (0.68124pt too wide) in paragraph at lines 119--120
\OT1/cmr/m/n/10.95 Modelo-Vista-Controlador (MVC). Su n^^Sucleo se fun-da-men-t
a en com-po-nentes
 []

LaTeX Info: Redefining \. on input line 148.
LaTeX Info: Redefining \% on input line 148.
[62]
Overfull \hbox (3.17589pt too wide) in paragraph at lines 154--155
[]\OT1/cmr/bx/sc/10.95 Motor de plan-til-las Blade: \OT1/cmr/m/n/10.95 Per-mite
 es-truc-turar la in-ter-faz de usuario
 []

LaTeX Info: Redefining \. on input line 175.
LaTeX Info: Redefining \% on input line 175.
[63]
LaTeX Info: Redefining \. on input line 199.
LaTeX Info: Redefining \% on input line 199.
 [64]) (./capitulos/07_Desarrollo.tex
LaTeX Info: Redefining \. on input line 1.
LaTeX Info: Redefining \% on input line 1.
 [65] [66

]
Cap\'{\i }tulo 7.
[67]
Overfull \hbox (32.84491pt too wide) in paragraph at lines 24--25
[]\OT1/cmr/bx/sc/10.95 Lombok: \OT1/cmr/m/n/10.95 Las en-ti-dades y DTOs se an-
o-tan con \OT1/cmtt/m/n/10.95 @Data\OT1/cmr/m/n/10.95 , \OT1/cmtt/m/n/10.95 @Al
lArgsConstructor
 []

LaTeX Info: Redefining \. on input line 30.
LaTeX Info: Redefining \% on input line 30.
[68]
Overfull \hbox (61.57378pt too wide) in paragraph at lines 32--33
\OT1/cmr/m/n/10.95 trase~na hashea-da). El rol se asigna me-di-ante el enum \OT
1/cmtt/m/n/10.95 TipoUsuario.ADMINISTRADOR\OT1/cmr/m/n/10.95 . 
 []


Overfull \hbox (15.21939pt too wide) in paragraph at lines 37--38
\OT1/cmr/m/n/10.95 pa-ciente ha com-ple-ta-do la ac-tivi-dad. Adem^^Sas, in-clu
ye \OT1/cmtt/m/n/10.95 fechaRealizacion\OT1/cmr/m/n/10.95 ,
 []


Overfull \hbox (50.43292pt too wide) in paragraph at lines 47--48
[]\OT1/cmr/bx/sc/10.95 DTOs de en-tra-da: \OT1/cmtt/m/n/10.95 PacienteInputDTO\
OT1/cmr/m/n/10.95 , \OT1/cmtt/m/n/10.95 TerapeutaInputDTO\OT1/cmr/m/n/10.95 , \
OT1/cmtt/m/n/10.95 AgendaInputDTO\OT1/cmr/m/n/10.95 ,
 []


Overfull \hbox (23.24634pt too wide) in paragraph at lines 47--48
\OT1/cmtt/m/n/10.95 AdministradorInputDTO\OT1/cmr/m/n/10.95 , \OT1/cmtt/m/n/10.
95 AssignJuegoDTO\OT1/cmr/m/n/10.95 , \OT1/cmtt/m/n/10.95 PacienteTerapeutaInpu
tDTO
 []


Overfull \hbox (7.34012pt too wide) in paragraph at lines 47--48
\OT1/cmr/m/n/10.95 y \OT1/cmtt/m/n/10.95 JuegoInputDTO\OT1/cmr/m/n/10.95 . Con-
tienen an-o-ta-ciones \OT1/cmtt/m/n/10.95 @NotBlank\OT1/cmr/m/n/10.95 , \OT1/cm
tt/m/n/10.95 @NotNull \OT1/cmr/m/n/10.95 y \OT1/cmtt/m/n/10.95 @Size
 []

LaTeX Info: Redefining \. on input line 48.
LaTeX Info: Redefining \% on input line 48.
[69]
Overfull \hbox (57.14119pt too wide) in paragraph at lines 48--49
[]\OT1/cmr/bx/sc/10.95 DTOs de sal-i-da: \OT1/cmtt/m/n/10.95 PacienteOutputDTO\
OT1/cmr/m/n/10.95 , \OT1/cmtt/m/n/10.95 TerapeutaOutputDTO\OT1/cmr/m/n/10.95 , 
\OT1/cmtt/m/n/10.95 AgendaOutputDTO\OT1/cmr/m/n/10.95 ,
 []


Overfull \hbox (4.93483pt too wide) in paragraph at lines 48--49
\OT1/cmtt/m/n/10.95 AdministradorOutputDTO\OT1/cmr/m/n/10.95 , \OT1/cmtt/m/n/10
.95 JuegoAsignadoDTO \OT1/cmr/m/n/10.95 y \OT1/cmtt/m/n/10.95 JuegoOutputDTO\OT
1/cmr/m/n/10.95 . Ex-
 []


Overfull \hbox (62.17404pt too wide) in paragraph at lines 50--51
[]\OT1/cmr/bx/sc/10.95 DTOs de seguimien-to: \OT1/cmtt/m/n/10.95 PacienteSeguim
ientoDTO \OT1/cmr/m/n/10.95 y \OT1/cmtt/m/n/10.95 TerapeutaSeguimientoDTO\OT1/c
mr/m/n/10.95 .
 []


Overfull \hbox (59.53609pt too wide) in paragraph at lines 54--55
\OT1/cmr/m/n/10.95 ca-da en-ti-dad prin-ci-pal ex-iste una in-ter-faz map-per a
n-o-ta-da con \OT1/cmtt/m/n/10.95 @Mapper(componentModel
 []


Overfull \hbox (26.53368pt too wide) in paragraph at lines 54--55
\OT1/cmtt/m/n/10.95 = "spring") \OT1/cmr/m/n/10.95 que de-fine los m^^Seto-dos 
de con-ver-si^^Son. Por ejem-p-lo, \OT1/cmtt/m/n/10.95 PacienteMapper\OT1/cmr/m
/n/10.95 ,
 []


Overfull \hbox (58.4074pt too wide) in paragraph at lines 54--55
\OT1/cmtt/m/n/10.95 TerapeutaMapper\OT1/cmr/m/n/10.95 , \OT1/cmtt/m/n/10.95 Age
ndaMapper\OT1/cmr/m/n/10.95 , \OT1/cmtt/m/n/10.95 AdministradorMapper \OT1/cmr/
m/n/10.95 y \OT1/cmtt/m/n/10.95 PacienteTerapeutaMapper
 []

LaTeX Font Info:    Trying to load font information for OMS+cmtt on input line 
62.
LaTeX Font Info:    No file OMScmtt.fd. on input line 62.

LaTeX Font Warning: Font shape `OMS/cmtt/m/n' undefined
(Font)              using `OMS/cmsy/m/n' instead
(Font)              for symbol `textbraceleft' on input line 62.


Overfull \hbox (0.31279pt too wide) in paragraph at lines 62--63
\OT1/cmr/m/n/10.95 cabecera \OT1/cmtt/m/n/10.95 Authorization: Bearer \OMS/cmtt
/m/n/10.95 f\OT1/cmtt/m/n/10.95 token\OMS/cmtt/m/n/10.95 g\OT1/cmr/m/n/10.95 . 
El \OT1/cmtt/m/n/10.95 JwtAuthenticationFilter
 []

LaTeX Info: Redefining \. on input line 63.
LaTeX Info: Redefining \% on input line 63.
[70]
Overfull \hbox (1.77324pt too wide) in paragraph at lines 72--73
[]\OT1/cmtt/m/n/10.95 GET /api/agenda/paciente/** \OT1/cmr/m/n/10.95 y \OT1/cmt
t/m/n/10.95 PUT .../completar\OT1/cmr/m/n/10.95 : ac-ce-si-ble para
 []


Overfull \hbox (2.139pt too wide) in paragraph at lines 79--80
\OT1/cmr/m/n/10.95 con-fig-u-raci^^Son glob-al de CORS en Spring Boot (me-di-an
te \OT1/cmtt/m/n/10.95 WebMvcConfigurer\OT1/cmr/m/n/10.95 )
 []

LaTeX Info: Redefining \. on input line 83.
LaTeX Info: Redefining \% on input line 83.
[71]
Overfull \hbox (4.14546pt too wide) in paragraph at lines 85--86
[]\OT1/cmr/m/n/10.95 La clase \OT1/cmtt/m/n/10.95 Utils \OT1/cmr/m/n/10.95 cen-
tral-iza dos fun-ciones aux-il-iares em-pleadas en la creaci^^Son
 []


Overfull \hbox (24.21962pt too wide) in paragraph at lines 96--97
[]\OT1/cmr/m/n/10.95 Cuando un ter-apeu-ta da de al-ta a un pa-ciente me-di-ant
e \OT1/cmtt/m/n/10.95 POST /api/paciente\OT1/cmr/m/n/10.95 ,
 []

LaTeX Font Info:    Trying to load font information for OMS+cmr on input line 1
00.
(/usr/share/texlive/texmf-dist/tex/latex/base/omscmr.fd
File: omscmr.fd 2019/12/16 v2.5j Standard LaTeX font definitions
)
LaTeX Font Info:    Font shape `OMS/cmr/m/n' in size <10.95> not available
(Font)              Font shape `OMS/cmsy/m/n' tried instead on input line 100.
LaTeX Info: Redefining \. on input line 103.
LaTeX Info: Redefining \% on input line 103.
 [72]
Overfull \hbox (107.74126pt too wide) in paragraph at lines 114--115
[]\OT1/cmr/m/n/10.95 El end-point \OT1/cmtt/m/n/10.95 GET /api/terapeuta/\OMS/c
msy/m/n/10.95 f\OT1/cmtt/m/n/10.95 id\OMS/cmsy/m/n/10.95 g\OT1/cmtt/m/n/10.95 /
seguimiento \OT1/cmr/m/n/10.95 de-vuelve un \OT1/cmtt/m/n/10.95 TerapeutaSeguim
ientoDTO
 []

LaTeX Info: Redefining \. on input line 123.
LaTeX Info: Redefining \% on input line 123.
[73]
Overfull \hbox (12.20642pt too wide) in paragraph at lines 127--128
[][][]\OT1/cmtt/m/n/10.95 POST /api/administrador []\OT1/cmr/m/n/10.95 (AD-MIN-
ISTRADOR) Reg-is-tra un nue-
 []


Overfull \hbox (24.0998pt too wide) in paragraph at lines 132--133
[][][]\OT1/cmtt/m/n/10.95 GET /api/terapeuta?page=0\&size=10 []\OT1/cmr/m/n/10.
95 (AD-MIN-ISTRADOR, TER-
 []


Overfull \hbox (8.0101pt too wide) in paragraph at lines 133--134
[][][]\OT1/cmtt/m/n/10.95 GET /api/terapeuta/{id} []\OT1/cmr/m/n/10.95 (AD-MIN-
ISTRADOR, TER-APEU-TA)
 []


Overfull \hbox (4.1154pt too wide) in paragraph at lines 136--137
[][][]\OT1/cmtt/m/n/10.95 DELETE /api/terapeuta/{id} []\OT1/cmr/m/n/10.95 (AD-M
IN-ISTRADOR) Elim-i-na un
 []


Overfull \hbox (0.3443pt too wide) in paragraph at lines 137--138
[][][]\OT1/cmtt/m/n/10.95 GET /api/terapeuta/{id}/seguimiento []\OT1/cmr/m/n/10
.95 (AD-MIN-ISTRADOR,
 []


Overfull \hbox (6.85373pt too wide) in paragraph at lines 138--139
[][][]\OT1/cmtt/m/n/10.95 GET /api/terapeuta/{id}/agendas []\OT1/cmr/m/n/10.95 
(AD-MIN-ISTRADOR, TER-
 []


Overfull \hbox (23.33905pt too wide) in paragraph at lines 139--140
[][][]\OT1/cmtt/m/n/10.95 POST /api/terapeuta/{id}/reset-password []\OT1/cmr/m/
n/10.95 (AD-MIN-ISTRADOR,
 []


Overfull \hbox (6.09195pt too wide) in paragraph at lines 144--145
[][][]\OT1/cmtt/m/n/10.95 GET /api/paciente?page=0\&size=10 []\OT1/cmr/m/n/10.9
5 (TER-APEU-TA) Lista pa-
 []

LaTeX Info: Redefining \. on input line 149.
LaTeX Info: Redefining \% on input line 149.
[74]
Overfull \hbox (16.44849pt too wide) in paragraph at lines 149--150
[][][]\OT1/cmtt/m/n/10.95 POST /api/paciente/{id}/reset-password []\OT1/cmr/m/n
/10.95 (TER-APEU-TA) Gen-
 []


Overfull \hbox (6.54836pt too wide) in paragraph at lines 154--155
[][][]\OT1/cmtt/m/n/10.95 GET /api/agenda?page=0\&size=10 []\OT1/cmr/m/n/10.95 
(TER-APEU-TA) Ob-tiene to-
 []


Overfull \hbox (2.04745pt too wide) in paragraph at lines 155--156
[][][]\OT1/cmtt/m/n/10.95 GET /api/agenda/{id} []\OT1/cmr/m/n/10.95 (TER-APEU-T
A) Ob-tiene una agen-da por
 []


Overfull \hbox (0.73949pt too wide) in paragraph at lines 159--160
[][][]\OT1/cmtt/m/n/10.95 GET /api/agenda/paciente/{pacienteId} []\OT1/cmr/m/n/
10.95 (PA-CIENTE, TER-
 []


Overfull \hbox (3.71945pt too wide) in paragraph at lines 161--162
[][][]\OT1/cmtt/m/n/10.95 GET /api/agenda/{agendaId}/juegos []\OT1/cmr/m/n/10.9
5 (TER-APEU-TA) Lista los
 []


Overfull \hbox (15.4906pt too wide) in paragraph at lines 162--163
[][][]\OT1/cmtt/m/n/10.95 PUT /api/agenda/{agendaId}/juego/{juegoId}/completar 
[]\OT1/cmr/m/n/10.95 (PA-
 []


Overfull \hbox (15.24776pt too wide) in paragraph at lines 163--164
[][][]\OT1/cmtt/m/n/10.95 DELETE /api/agenda/{agendaId}/juego/{juegoId} []\OT1/
cmr/m/n/10.95 (TER-APEU-
 []

LaTeX Info: Redefining \. on input line 178.
LaTeX Info: Redefining \% on input line 178.
[75]
Overfull \hbox (4.18016pt too wide) in paragraph at lines 185--186
[]\OT1/cmr/bx/sc/10.95 components: \OT1/cmr/m/n/10.95 Al-ma-ce-na los el-e-men-
tos molec-u-lares y com-po-nentes
 []

LaTeX Info: Redefining \. on input line 196.
LaTeX Info: Redefining \% on input line 196.
[76]) (./capitulos/08_Pruebas.tex
LaTeX Info: Redefining \. on input line 1.
LaTeX Info: Redefining \% on input line 1.
 [77] [78

]
Cap\'{\i }tulo 8.

Overfull \hbox (27.50803pt too wide) in paragraph at lines 15--16
\OT1/cmr/m/n/10.95 ce-nar-ios de er-ror (co-mo in-tro-ducir datos inv^^Sali-dos
), uti-lizan-do \OT1/cmtt/m/n/10.95 assertThrows
 []

[79]
LaTeX Info: Redefining \. on input line 37.
LaTeX Info: Redefining \% on input line 37.
 [80]
LaTeX Info: Redefining \. on input line 52.
LaTeX Info: Redefining \% on input line 52.
 [81]
Overfull \hbox (1.37885pt too wide) in paragraph at lines 54--55
\OT1/cmr/m/n/10.95 ciente, ver-i-f-i-can-do las re-spues-tas \OT1/cmtt/m/n/10.9
5 401 Unauthorized \OT1/cmr/m/n/10.95 o \OT1/cmtt/m/n/10.95 403 Forbidden\OT1/c
mr/m/n/10.95 . 
 []

) (./capitulos/09_Manual.tex
LaTeX Info: Redefining \. on input line 1.
LaTeX Info: Redefining \% on input line 1.
 [82]
Cap\'{\i }tulo 9.
<imagenes/manual/landing.png, id=1371, 1655.18375pt x 856.19875pt>
File: imagenes/manual/landing.png Graphic file (type png)
<use imagenes/manual/landing.png>
Package pdftex.def Info: imagenes/manual/landing.png  used on input line 9.
(pdftex.def)             Requested size: 360.0pt x 186.22173pt.
<imagenes/manual/login.png, id=1372, 1655.18375pt x 856.19875pt>
File: imagenes/manual/login.png Graphic file (type png)
<use imagenes/manual/login.png>
Package pdftex.def Info: imagenes/manual/login.png  used on input line 17.
(pdftex.def)             Requested size: 360.0pt x 186.22173pt.

Underfull \vbox (badness 10000) has occurred while \output is active []

 [83

 <./imagenes/manual/landing.png>]
<imagenes/manual/menu_admin.png, id=1378, 1851.91875pt x 934.49126pt>
File: imagenes/manual/menu_admin.png Graphic file (type png)
<use imagenes/manual/menu_admin.png>
Package pdftex.def Info: imagenes/manual/menu_admin.png  used on input line 37.

(pdftex.def)             Requested size: 360.0pt x 181.64757pt.

Underfull \vbox (badness 10000) has occurred while \output is active []

LaTeX Info: Redefining \. on input line 40.
LaTeX Info: Redefining \% on input line 40.
 [84 <./imagenes/manual/login.png>]
<imagenes/manual/home_admin.png, id=1384, 1890.06125pt x 912.40875pt>
File: imagenes/manual/home_admin.png Graphic file (type png)
<use imagenes/manual/home_admin.png>
Package pdftex.def Info: imagenes/manual/home_admin.png  used on input line 53.

(pdftex.def)             Requested size: 360.0pt x 173.77713pt.

Underfull \vbox (badness 10000) has occurred while \output is active []

LaTeX Info: Redefining \. on input line 56.
LaTeX Info: Redefining \% on input line 56.
 [85 <./imagenes/manual/menu_admin.png>]
File: imagenes/manual/menu_admin.png Graphic file (type png)
<use imagenes/manual/menu_admin.png>
Package pdftex.def Info: imagenes/manual/menu_admin.png  used on input line 61.

(pdftex.def)             Requested size: 360.0pt x 181.64757pt.
<imagenes/manual/admin_doctor.png, id=1390, 1912.14375pt x 922.44624pt>
File: imagenes/manual/admin_doctor.png Graphic file (type png)
<use imagenes/manual/admin_doctor.png>
Package pdftex.def Info: imagenes/manual/admin_doctor.png  used on input line 7
1.
(pdftex.def)             Requested size: 360.0pt x 173.662pt.

Underfull \vbox (badness 10000) has occurred while \output is active []

LaTeX Info: Redefining \. on input line 74.
LaTeX Info: Redefining \% on input line 74.
 [86 <./imagenes/manual/home_admin.png>]
<imagenes/manual/form_terapeuta.png, id=1396, 1912.14375pt x 922.44624pt>
File: imagenes/manual/form_terapeuta.png Graphic file (type png)
<use imagenes/manual/form_terapeuta.png>
Package pdftex.def Info: imagenes/manual/form_terapeuta.png  used on input line
 88.
(pdftex.def)             Requested size: 360.0pt x 173.662pt.
LaTeX Info: Redefining \. on input line 93.
LaTeX Info: Redefining \% on input line 93.
 [87 <./imagenes/manual/admin_doctor.png> <./imagenes/manual/form_terapeuta.png
>]
<imagenes/manual/credenciales.png, id=1404, 1851.91875pt x 934.49126pt>
File: imagenes/manual/credenciales.png Graphic file (type png)
<use imagenes/manual/credenciales.png>
Package pdftex.def Info: imagenes/manual/credenciales.png  used on input line 9
6.
(pdftex.def)             Requested size: 360.0pt x 181.64757pt.
LaTeX Info: Redefining \. on input line 118.
LaTeX Info: Redefining \% on input line 118.
 [88 <./imagenes/manual/credenciales.png>]
<imagenes/manual/home_doctor.png, id=1410, 1851.91875pt x 934.49126pt>
File: imagenes/manual/home_doctor.png Graphic file (type png)
<use imagenes/manual/home_doctor.png>
Package pdftex.def Info: imagenes/manual/home_doctor.png  used on input line 12
1.
(pdftex.def)             Requested size: 360.0pt x 181.64757pt.
<imagenes/manual/menu_doctor.png, id=1411, 1851.91875pt x 934.49126pt>
File: imagenes/manual/menu_doctor.png Graphic file (type png)
<use imagenes/manual/menu_doctor.png>
Package pdftex.def Info: imagenes/manual/menu_doctor.png  used on input line 12
9.
(pdftex.def)             Requested size: 360.0pt x 181.64757pt.
<imagenes/manual/listado_pacie.png, id=1412, 1851.91875pt x 934.49126pt>
File: imagenes/manual/listado_pacie.png Graphic file (type png)
<use imagenes/manual/listado_pacie.png>
Package pdftex.def Info: imagenes/manual/listado_pacie.png  used on input line 
139.
(pdftex.def)             Requested size: 360.0pt x 181.64757pt.

Underfull \vbox (badness 10000) has occurred while \output is active []

LaTeX Info: Redefining \. on input line 141.
LaTeX Info: Redefining \% on input line 141.
 [89 <./imagenes/manual/home_doctor.png> <./imagenes/manual/menu_doctor.png>]
<imagenes/manual/credencial_usuario.png, id=1419, 1851.91875pt x 934.49126pt>
File: imagenes/manual/credencial_usuario.png Graphic file (type png)
<use imagenes/manual/credencial_usuario.png>
Package pdftex.def Info: imagenes/manual/credencial_usuario.png  used on input 
line 156.
(pdftex.def)             Requested size: 360.0pt x 181.64757pt.

Underfull \vbox (badness 10000) has occurred while \output is active []

LaTeX Info: Redefining \. on input line 159.
LaTeX Info: Redefining \% on input line 159.
 [90 <./imagenes/manual/listado_pacie.png>]
<imagenes/manual/reseteo_credenciales.png, id=1428, 1851.91875pt x 934.49126pt>

File: imagenes/manual/reseteo_credenciales.png Graphic file (type png)
<use imagenes/manual/reseteo_credenciales.png>
Package pdftex.def Info: imagenes/manual/reseteo_credenciales.png  used on inpu
t line 162.
(pdftex.def)             Requested size: 360.0pt x 181.64757pt.
<imagenes/manual/eliminar_usuario.png, id=1429, 1851.91875pt x 934.49126pt>
File: imagenes/manual/eliminar_usuario.png Graphic file (type png)
<use imagenes/manual/eliminar_usuario.png>
Package pdftex.def Info: imagenes/manual/eliminar_usuario.png  used on input li
ne 168.
(pdftex.def)             Requested size: 360.0pt x 181.64757pt.

Underfull \vbox (badness 10000) has occurred while \output is active []

LaTeX Info: Redefining \. on input line 171.
LaTeX Info: Redefining \% on input line 171.
 [91 <./imagenes/manual/credencial_usuario.png> <./imagenes/manual/reseteo_cred
enciales.png>]
<imagenes/manual/asignar_juego.png, id=1436, 1851.91875pt x 934.49126pt>
File: imagenes/manual/asignar_juego.png Graphic file (type png)
<use imagenes/manual/asignar_juego.png>
Package pdftex.def Info: imagenes/manual/asignar_juego.png  used on input line 
179.
(pdftex.def)             Requested size: 360.0pt x 181.64757pt.
LaTeX Info: Redefining \. on input line 190.
LaTeX Info: Redefining \% on input line 190.
 [92 <./imagenes/manual/eliminar_usuario.png> <./imagenes/manual/asignar_juego.
png>]
<imagenes/manual/seguimiento_pacientes.png, id=1445, 1912.14375pt x 922.44624pt
>
File: imagenes/manual/seguimiento_pacientes.png Graphic file (type png)
<use imagenes/manual/seguimiento_pacientes.png>
Package pdftex.def Info: imagenes/manual/seguimiento_pacientes.png  used on inp
ut line 204.
(pdftex.def)             Requested size: 360.0pt x 173.662pt.
LaTeX Info: Redefining \. on input line 218.
LaTeX Info: Redefining \% on input line 218.
 [93 <./imagenes/manual/seguimiento_pacientes.png>]
<imagenes/manual/home_paciente.png, id=1453, 1912.14375pt x 922.44624pt>
File: imagenes/manual/home_paciente.png Graphic file (type png)
<use imagenes/manual/home_paciente.png>
Package pdftex.def Info: imagenes/manual/home_paciente.png  used on input line 
234.
(pdftex.def)             Requested size: 360.0pt x 173.662pt.
LaTeX Info: Redefining \. on input line 245.
LaTeX Info: Redefining \% on input line 245.
 [94 <./imagenes/manual/home_paciente.png>]
<imagenes/manual/tareas_paciente.png, id=1459, 1912.14375pt x 922.44624pt>
File: imagenes/manual/tareas_paciente.png Graphic file (type png)
<use imagenes/manual/tareas_paciente.png>
Package pdftex.def Info: imagenes/manual/tareas_paciente.png  used on input lin
e 257.
(pdftex.def)             Requested size: 360.0pt x 173.662pt.
LaTeX Info: Redefining \. on input line 275.
LaTeX Info: Redefining \% on input line 275.
 [95 <./imagenes/manual/tareas_paciente.png>]
<imagenes/manual/instrucciones.png, id=1465, 1912.14375pt x 922.44624pt>
File: imagenes/manual/instrucciones.png Graphic file (type png)
<use imagenes/manual/instrucciones.png>
Package pdftex.def Info: imagenes/manual/instrucciones.png  used on input line 
278.
(pdftex.def)             Requested size: 360.0pt x 173.662pt.
<imagenes/manual/juego_completado.png, id=1466, 1912.14375pt x 922.44624pt>
File: imagenes/manual/juego_completado.png Graphic file (type png)
<use imagenes/manual/juego_completado.png>
Package pdftex.def Info: imagenes/manual/juego_completado.png  used on input li
ne 303.
(pdftex.def)             Requested size: 360.0pt x 173.662pt.
LaTeX Info: Redefining \. on input line 305.
LaTeX Info: Redefining \% on input line 305.
 [96 <./imagenes/manual/instrucciones.png>]
<imagenes/manual/juego_secuencia.png, id=1474, 1912.14375pt x 922.44624pt>
File: imagenes/manual/juego_secuencia.png Graphic file (type png)
<use imagenes/manual/juego_secuencia.png>
Package pdftex.def Info: imagenes/manual/juego_secuencia.png  used on input lin
e 326.
(pdftex.def)             Requested size: 360.0pt x 173.662pt.
LaTeX Info: Redefining \. on input line 329.
LaTeX Info: Redefining \% on input line 329.
 [97 <./imagenes/manual/juego_completado.png>]
<imagenes/manual/juego_unir.png, id=1481, 1912.14375pt x 922.44624pt>
File: imagenes/manual/juego_unir.png Graphic file (type png)
<use imagenes/manual/juego_unir.png>
Package pdftex.def Info: imagenes/manual/juego_unir.png  used on input line 341
.
(pdftex.def)             Requested size: 360.0pt x 173.662pt.
LaTeX Info: Redefining \. on input line 349.
LaTeX Info: Redefining \% on input line 349.

[98 <./imagenes/manual/juego_secuencia.png> <./imagenes/manual/juego_unir.png>]
<imagenes/manual/juego_cambio.png, id=1488, 1912.14375pt x 922.44624pt>
File: imagenes/manual/juego_cambio.png Graphic file (type png)
<use imagenes/manual/juego_cambio.png>
Package pdftex.def Info: imagenes/manual/juego_cambio.png  used on input line 3
56.
(pdftex.def)             Requested size: 360.0pt x 173.662pt.
<imagenes/manual/juego_vistete.png, id=1489, 1912.14375pt x 922.44624pt>
File: imagenes/manual/juego_vistete.png Graphic file (type png)
<use imagenes/manual/juego_vistete.png>
Package pdftex.def Info: imagenes/manual/juego_vistete.png  used on input line 
371.
(pdftex.def)             Requested size: 360.0pt x 173.662pt.
LaTeX Info: Redefining \. on input line 374.
LaTeX Info: Redefining \% on input line 374.
[99 <./imagenes/manual/juego_cambio.png>]
<imagenes/manual/juego_oracion.png, id=1496, 1912.14375pt x 922.44624pt>
File: imagenes/manual/juego_oracion.png Graphic file (type png)
<use imagenes/manual/juego_oracion.png>
Package pdftex.def Info: imagenes/manual/juego_oracion.png  used on input line 
386.
(pdftex.def)             Requested size: 360.0pt x 173.662pt.
LaTeX Info: Redefining \. on input line 394.
LaTeX Info: Redefining \% on input line 394.
 [100 <./imagenes/manual/juego_vistete.png> <./imagenes/manual/juego_oracion.pn
g>]
<imagenes/manual/juego_instruso.png, id=1503, 1912.14375pt x 922.44624pt>
File: imagenes/manual/juego_instruso.png Graphic file (type png)
<use imagenes/manual/juego_instruso.png>
Package pdftex.def Info: imagenes/manual/juego_instruso.png  used on input line
 401.
(pdftex.def)             Requested size: 360.0pt x 173.662pt.

Underfull \hbox (badness 6808) in paragraph at lines 424--424
[]|\OT1/cmr/bx/sc/10.95 Capacidad tra-ba-
 []


Underfull \hbox (badness 10000) in paragraph at lines 424--424
[]|\OT1/cmr/m/n/10.95 Pagos ex-ac-tos (El
 []


Underfull \hbox (badness 1867) in paragraph at lines 424--424
[]|\OT1/cmr/m/n/10.95 Lenguaje y vo-cab-u-
 []


Underfull \vbox (badness 10000) has occurred while \output is active []

LaTeX Info: Redefining \. on input line 425.
LaTeX Info: Redefining \% on input line 425.
 [101 <./imagenes/manual/juego_instruso.png>]
LaTeX Info: Redefining \. on input line 461.
LaTeX Info: Redefining \% on input line 461.
 [102]) (./capitulos/10_Conclusiones.tex
LaTeX Info: Redefining \. on input line 1.
LaTeX Info: Redefining \% on input line 1.

[103] [104

]
Cap\'{\i }tulo 10.
[105]
LaTeX Info: Redefining \. on input line 32.
LaTeX Info: Redefining \% on input line 32.
 [106]
Overfull \hbox (6.58215pt too wide) in paragraph at lines 45--46
\OT1/cmr/m/n/10.95 para fa-cil-i-tar su uso en con-tex-tos in-ter-na-cionales y
 lle-gar a una poblaci^^Son
 []

LaTeX Info: Redefining \. on input line 51.
LaTeX Info: Redefining \% on input line 51.
[107]) (build/proyecto.bbl
LaTeX Info: Redefining \. on input line 1.
LaTeX Info: Redefining \% on input line 1.
 [108]
Underfull \hbox (badness 1062) in paragraph at lines 15--19
[]\OT1/cmr/m/n/10.95 Alexandra M. Kuei-der, Jea-nine M. Parisi, Alden L. Gross,
 and
 []

[109

]
Underfull \hbox (badness 1320) in paragraph at lines 121--128
[]\OT1/cmr/m/n/10.95 Inc. VMware.  Spring boot doc-u-men-ta-tion - auto-configu
ration.
 []


Underfull \hbox (badness 10000) in paragraph at lines 121--128
[]$\OT1/cmtt/m/n/10.95 https : / / docs . spring . io / spring-[]boot / docs / 
current / reference /
 []


Underfull \hbox (badness 2626) in paragraph at lines 121--128
\OT1/cmtt/m/n/10.95 html / using-[]spring-[]boot . html # using . auto-[]config
uration$[]\OT1/cmr/m/n/10.95 , 2024.
 []


Underfull \hbox (badness 3746) in paragraph at lines 130--137
[]\OT1/cmr/m/n/10.95 Inc. VMware.  Spring boot doc-u-men-ta-tion - em-bed-ded w
eb
 []


Underfull \hbox (badness 5533) in paragraph at lines 130--137
\OT1/cmr/m/n/10.95 servers.  []$\OT1/cmtt/m/n/10.95 https : / / docs . spring .
 io / spring-[]boot / docs / current /
 []

LaTeX Info: Redefining \. on input line 138.
LaTeX Info: Redefining \% on input line 138.
[110]
Underfull \hbox (badness 1270) in paragraph at lines 139--146
[]\OT1/cmr/m/n/10.95 Inc. VMware.  Spring boot doc-u-men-ta-tion - starters.  [
]$\OT1/cmtt/m/n/10.95 https :
 []


Underfull \hbox (badness 10000) in paragraph at lines 139--146
\OT1/cmtt/m/n/10.95 / / docs . spring . io / spring-[]boot / docs / current / r
eference / html /
 []


Underfull \hbox (badness 10000) in paragraph at lines 139--146
\OT1/cmtt/m/n/10.95 using-[]spring-[]boot . html # using . build-[]systems . st
arters$[]\OT1/cmr/m/n/10.95 , 2024.
 []

LaTeX Info: Redefining \. on input line 219.
LaTeX Info: Redefining \% on input line 219.
[111]
Underfull \hbox (badness 2376) in paragraph at lines 267--274
\OT1/cmr/m/n/10.95 fea-tures.  []$\OT1/cmtt/m/n/10.95 https : / / docs . spring
 . io / spring-[]boot / docs / current /
 []

)
LaTeX Info: Redefining \. on input line 219.
LaTeX Info: Redefining \% on input line 219.
 [112] [113

] (build/proyecto.aux
LaTeX Info: Redefining \. on input line 25.
LaTeX Info: Redefining \% on input line 25.
)

LaTeX Font Warning: Some font shapes were not available, defaults substituted.

Package rerunfilecheck Info: File `proyecto.out' has not changed.
(rerunfilecheck)             Checksum: 821B60B6E35255D8006FBDBF2D4F655F;21656.
 ) 
Here is how much of TeX's memory you used:
 15497 strings out of 480247
 258195 string characters out of 5896151
 556344 words of memory out of 5000000
 32694 multiletter control sequences out of 15000+600000
 477674 words of font info for 56 fonts, out of 8000000 for 9000
 14 hyphenation exceptions out of 8191
 60i,14n,63p,1254b,803s stack positions out of 5000i,500n,10000p,200000b,80000s
{/usr/share/texmf/fonts/enc/dvips/cm-super/cm-super-ts1.enc}</usr/share/texli
ve/texmf-dist/fonts/type1/public/amsfonts/cm/cmbx10.pfb></usr/share/texlive/tex
mf-dist/fonts/type1/public/amsfonts/cm/cmbx12.pfb></usr/share/texlive/texmf-dis
t/fonts/type1/public/amsfonts/cm/cmbx8.pfb></usr/share/texlive/texmf-dist/fonts
/type1/public/amsfonts/cm/cmbxti10.pfb></usr/share/texlive/texmf-dist/fonts/typ
e1/public/amsfonts/cm/cmcsc10.pfb></usr/share/texlive/texmf-dist/fonts/type1/pu
blic/amsfonts/cm/cmr10.pfb></usr/share/texlive/texmf-dist/fonts/type1/public/am
sfonts/cm/cmr6.pfb></usr/share/texlive/texmf-dist/fonts/type1/public/amsfonts/c
m/cmsy10.pfb></usr/share/texlive/texmf-dist/fonts/type1/public/amsfonts/cm/cmti
10.pfb></usr/share/texlive/texmf-dist/fonts/type1/public/amsfonts/cm/cmtt10.pfb
></usr/share/texmf/fonts/type1/public/cm-super/sfbx1095.pfb></usr/share/texmf/f
onts/type1/public/cm-super/sfrm1095.pfb>
Output written on build/proyecto.pdf (135 pages, 7280221 bytes).
PDF statistics:
 1758 PDF objects out of 2073 (max. 8388607)
 1459 compressed objects within 15 object streams
 440 named destinations out of 1000 (max. 500000)
 1204 words of extra memory for PDF output out of 10000 (max. 10000000)

