\BOOKMARK [0][-]{chapter.1}{\376\377\000I\000n\000t\000r\000o\000d\000u\000c\000c\000i\000\363\000n}{}% 1
\BOOKMARK [1][-]{section.1.1}{\376\377\000M\000o\000t\000i\000v\000a\000c\000i\000\363\000n\000\040\000y\000\040\000c\000o\000n\000t\000e\000x\000t\000o}{chapter.1}% 2
\BOOKMARK [1][-]{section.1.2}{\376\377\000O\000b\000j\000e\000t\000i\000v\000o\000s}{chapter.1}% 3
\BOOKMARK [2][-]{subsection.1.2.1}{\376\377\000O\000b\000j\000e\000t\000i\000v\000o\000\040\000g\000e\000n\000e\000r\000a\000l}{section.1.2}% 4
\BOOKMARK [2][-]{subsection.1.2.2}{\376\377\000O\000b\000j\000e\000t\000i\000v\000o\000s\000\040\000e\000s\000p\000e\000c\000\355\000f\000i\000c\000o\000s}{section.1.2}% 5
\BOOKMARK [0][-]{chapter.2}{\376\377\000E\000s\000t\000a\000d\000o\000\040\000d\000e\000l\000\040\000A\000r\000t\000e}{}% 6
\BOOKMARK [1][-]{section.2.1}{\376\377\000A\000l\000z\000h\000e\000i\000m\000e\000r}{chapter.2}% 7
\BOOKMARK [2][-]{subsection.2.1.1}{\376\377\000\277\000Q\000u\000\351\000\040\000e\000s\000?}{section.2.1}% 8
\BOOKMARK [2][-]{subsection.2.1.2}{\376\377\000S\000\355\000n\000t\000o\000m\000a\000s}{section.2.1}% 9
\BOOKMARK [2][-]{subsection.2.1.3}{\376\377\000T\000r\000a\000t\000a\000m\000i\000e\000n\000t\000o}{section.2.1}% 10
\BOOKMARK [1][-]{section.2.2}{\376\377\000E\000s\000t\000i\000m\000u\000l\000a\000c\000i\000\363\000n\000\040\000c\000o\000g\000n\000i\000t\000i\000v\000a}{chapter.2}% 11
\BOOKMARK [1][-]{section.2.3}{\376\377\000A\000p\000l\000i\000c\000a\000c\000i\000o\000n\000e\000s\000\040\000p\000a\000r\000a\000\040\000e\000s\000t\000i\000m\000u\000l\000a\000c\000i\000\363\000n\000\040\000c\000o\000g\000n\000i\000t\000i\000v\000a}{chapter.2}% 12
\BOOKMARK [2][-]{subsection.2.3.1}{\376\377\000L\000i\000m\000i\000t\000a\000c\000i\000o\000n\000e\000s\000\040\000y\000\040\000\341\000r\000e\000a\000s\000\040\000d\000e\000\040\000m\000e\000j\000o\000r\000a\000\040\000d\000e\000\040\000l\000a\000\040\000p\000l\000a\000t\000a\000f\000o\000r\000m\000a\000\040\000C\000o\000n\000s\000t\000a\000n\000t\000\040\000T\000h\000e\000r\000a\000p\000y}{section.2.3}% 13
\BOOKMARK [2][-]{subsection.2.3.2}{\376\377\000J\000u\000s\000t\000i\000f\000i\000c\000a\000c\000i\000\363\000n\000\040\000d\000e\000\040\000l\000a\000\040\000p\000r\000o\000p\000u\000e\000s\000t\000a\000\040\000d\000e\000\040\000i\000n\000t\000e\000r\000v\000e\000n\000c\000i\000\363\000n\000:\000\040\000E\000l\000\040\000e\000c\000o\000s\000i\000s\000t\000e\000m\000a\000\040\000R\000e\000M\000i\000n\000d}{section.2.3}% 14
\BOOKMARK [0][-]{chapter.3}{\376\377\000P\000l\000a\000n\000i\000f\000i\000c\000a\000c\000i\000\363\000n\000,\000\040\000m\000e\000t\000o\000d\000o\000l\000o\000g\000\355\000a\000\040\000y\000\040\000p\000r\000e\000s\000u\000p\000u\000e\000s\000t\000o}{}% 15
\BOOKMARK [1][-]{section.3.1}{\376\377\000M\000e\000t\000o\000d\000o\000l\000o\000g\000\355\000a\000\040\000d\000e\000\040\000d\000e\000s\000a\000r\000r\000o\000l\000l\000o}{chapter.3}% 16
\BOOKMARK [2][-]{subsection.3.1.1}{\376\377\000P\000a\000r\000a\000d\000i\000g\000m\000a\000\040\000\341\000g\000i\000l}{section.3.1}% 17
\BOOKMARK [2][-]{subsection.3.1.2}{\376\377\000S\000c\000r\000u\000m\000\040\000c\000o\000m\000o\000\040\000m\000a\000r\000c\000o\000\040\000d\000e\000\040\000t\000r\000a\000b\000a\000j\000o}{section.3.1}% 18
\BOOKMARK [2][-]{subsection.3.1.3}{\376\377\000A\000p\000l\000i\000c\000a\000c\000i\000\363\000n\000\040\000d\000e\000\040\000S\000c\000r\000u\000m\000\040\000a\000l\000\040\000p\000r\000o\000y\000e\000c\000t\000o\000\040\000R\000e\000M\000i\000n\000d}{section.3.1}% 19
\BOOKMARK [1][-]{section.3.2}{\376\377\000P\000l\000a\000n\000i\000f\000i\000c\000a\000c\000i\000\363\000n\000\040\000t\000e\000m\000p\000o\000r\000a\000l}{chapter.3}% 20
\BOOKMARK [1][-]{section.3.3}{\376\377\000P\000l\000a\000n\000i\000f\000i\000c\000a\000c\000i\000\363\000n\000\040\000d\000e\000\040\000c\000o\000s\000t\000e\000s}{chapter.3}% 21
\BOOKMARK [0][-]{chapter.4}{\376\377\000A\000n\000\341\000l\000i\000s\000i\000s\000\040\000d\000e\000l\000\040\000p\000r\000o\000b\000l\000e\000m\000a}{}% 22
\BOOKMARK [1][-]{section.4.1}{\376\377\000D\000e\000s\000c\000r\000i\000p\000c\000i\000\363\000n\000\040\000d\000e\000l\000\040\000p\000r\000o\000b\000l\000e\000m\000a\000\040\000a\000\040\000r\000e\000s\000o\000l\000v\000e\000r}{chapter.4}% 23
\BOOKMARK [1][-]{section.4.2}{\376\377\000R\000e\000q\000u\000i\000s\000i\000t\000o\000s\000\040\000f\000u\000n\000c\000i\000o\000n\000a\000l\000e\000s}{chapter.4}% 24
\BOOKMARK [1][-]{section.4.3}{\376\377\000R\000e\000q\000u\000i\000s\000i\000t\000o\000s\000\040\000n\000o\000\040\000f\000u\000n\000c\000i\000o\000n\000a\000l\000e\000s}{chapter.4}% 25
\BOOKMARK [1][-]{section.4.4}{\376\377\000C\000a\000s\000o\000s\000\040\000d\000e\000\040\000u\000s\000o}{chapter.4}% 26
\BOOKMARK [2][-]{subsection.4.4.1}{\376\377\000A\000c\000t\000o\000r\000e\000s\000\040\000d\000e\000l\000\040\000s\000i\000s\000t\000e\000m\000a}{section.4.4}% 27
\BOOKMARK [1][-]{section.4.5}{\376\377\000D\000i\000a\000g\000r\000a\000m\000a\000s\000\040\000d\000e\000\040\000c\000a\000s\000o\000s\000\040\000d\000e\000\040\000u\000s\000o}{chapter.4}% 28
\BOOKMARK [0][-]{chapter.5}{\376\377\000D\000i\000s\000e\000\361\000o}{}% 29
\BOOKMARK [1][-]{section.5.1}{\376\377\000G\000D\000D\000\040\000\050\000D\000o\000c\000u\000m\000e\000n\000t\000o\000\040\000d\000e\000\040\000D\000i\000s\000e\000\361\000o\000\040\000d\000e\000\040\000J\000u\000e\000g\000o\000\051}{chapter.5}% 30
\BOOKMARK [2][-]{subsection.5.1.1}{\376\377\000C\000o\000n\000c\000e\000p\000t\000o\000\040\000d\000e\000\040\000l\000a\000\040\000a\000p\000l\000i\000c\000a\000c\000i\000\363\000n}{section.5.1}% 31
\BOOKMARK [2][-]{subsection.5.1.2}{\376\377\000G\000a\000m\000e\000p\000l\000a\000y}{section.5.1}% 32
\BOOKMARK [2][-]{subsection.5.1.3}{\376\377\000H\000i\000s\000t\000o\000r\000i\000a}{section.5.1}% 33
\BOOKMARK [2][-]{subsection.5.1.4}{\376\377\000N\000i\000v\000e\000l\000e\000s\000\040\000y\000\040\000c\000o\000n\000t\000e\000n\000i\000d\000o}{section.5.1}% 34
\BOOKMARK [2][-]{subsection.5.1.5}{\376\377\000I\000n\000t\000e\000r\000f\000a\000z\000\040\000\050\000U\000I\000/\000U\000X\000\051\000\040\000y\000\040\000C\000u\000e\000s\000t\000i\000o\000n\000e\000s\000\040\000d\000e\000\040\000U\000s\000a\000b\000i\000l\000i\000d\000a\000d}{section.5.1}% 35
\BOOKMARK [1][-]{section.5.2}{\376\377\000D\000i\000s\000e\000\361\000o\000\040\000a\000r\000q\000u\000i\000t\000e\000c\000t\000\363\000n\000i\000c\000o}{chapter.5}% 36
\BOOKMARK [2][-]{subsection.5.2.1}{\376\377\000F\000l\000u\000j\000o\000\040\000d\000e\000\040\000C\000o\000m\000u\000n\000i\000c\000a\000c\000i\000\363\000n\000\040\000y\000\040\000P\000r\000o\000t\000o\000c\000o\000l\000o\000s}{section.5.2}% 37
\BOOKMARK [1][-]{section.5.3}{\376\377\000D\000i\000a\000g\000r\000a\000m\000a\000\040\000c\000o\000n\000c\000e\000p\000t\000u\000a\000l\000\040\000d\000e\000l\000\040\000s\000i\000s\000t\000e\000m\000a}{chapter.5}% 38
\BOOKMARK [1][-]{section.5.4}{\376\377\000D\000i\000s\000e\000\361\000o\000\040\000d\000e\000\040\000c\000l\000a\000s\000e\000s\000\040\000y\000\040\000d\000e\000\040\000l\000a\000\040\000b\000a\000s\000e\000\040\000d\000e\000\040\000d\000a\000t\000o\000s}{chapter.5}% 39
\BOOKMARK [2][-]{subsection.5.4.1}{\376\377\000D\000i\000a\000g\000r\000a\000m\000a\000\040\000y\000\040\000E\000n\000t\000i\000d\000a\000d\000e\000s\000\040\000d\000e\000\040\000l\000a\000\040\000B\000a\000s\000e\000\040\000d\000e\000\040\000D\000a\000t\000o\000s}{section.5.4}% 40
\BOOKMARK [1][-]{section.5.5}{\376\377\000D\000i\000s\000e\000\361\000o\000\040\000d\000e\000\040\000l\000a\000\040\000I\000n\000t\000e\000r\000f\000a\000z\000\040\000y\000\040\000E\000x\000p\000e\000r\000i\000e\000n\000c\000i\000a\000\040\000d\000e\000\040\000U\000s\000u\000a\000r\000i\000o}{chapter.5}% 41
\BOOKMARK [2][-]{subsection.5.5.1}{\376\377\000M\000e\000t\000o\000d\000o\000l\000o\000g\000\355\000a\000\040\000d\000e\000\040\000D\000i\000s\000e\000\361\000o\000\040\000y\000\040\000E\000v\000o\000l\000u\000c\000i\000\363\000n}{section.5.5}% 42
\BOOKMARK [2][-]{subsection.5.5.2}{\376\377\000A\000r\000q\000u\000i\000t\000e\000c\000t\000u\000r\000a\000\040\000d\000e\000\040\000C\000o\000m\000p\000o\000n\000e\000n\000t\000e\000s\000\040\000d\000e\000\040\000l\000a\000\040\000I\000n\000t\000e\000r\000f\000a\000z\000\040\000y\000\040\000R\000e\000u\000t\000i\000l\000i\000z\000a\000c\000i\000\363\000n}{section.5.5}% 43
\BOOKMARK [2][-]{subsection.5.5.3}{\376\377\000E\000s\000p\000e\000c\000i\000f\000i\000c\000a\000c\000i\000\363\000n\000\040\000d\000e\000l\000\040\000S\000i\000s\000t\000e\000m\000a\000\040\000V\000i\000s\000u\000a\000l\000\040\000\050\000M\000o\000o\000d\000b\000o\000a\000r\000d\000\051}{section.5.5}% 44
\BOOKMARK [2][-]{subsection.5.5.4}{\376\377\000I\000n\000t\000e\000r\000a\000c\000c\000i\000o\000n\000e\000s\000\040\000E\000s\000p\000e\000c\000i\000a\000l\000e\000s\000\040\000y\000\040\000P\000a\000n\000t\000a\000l\000l\000a\000s\000\040\000E\000m\000e\000r\000g\000e\000n\000t\000e\000s}{section.5.5}% 45
\BOOKMARK [2][-]{subsection.5.5.5}{\376\377\000R\000e\000q\000u\000e\000r\000i\000m\000i\000e\000n\000t\000o\000s\000\040\000d\000e\000\040\000A\000c\000c\000e\000s\000i\000b\000i\000l\000i\000d\000a\000d\000\040\000y\000\040\000C\000u\000m\000p\000l\000i\000m\000i\000e\000n\000t\000o\000\040\000N\000o\000r\000m\000a\000t\000i\000v\000o}{section.5.5}% 46
\BOOKMARK [2][-]{subsection.5.5.6}{\376\377\000G\000a\000l\000e\000r\000\355\000a\000\040\000d\000e\000\040\000P\000r\000o\000t\000o\000t\000i\000p\000o\000s\000\040\000d\000e\000\040\000I\000n\000t\000e\000r\000f\000a\000z\000\040\000\050\000M\000o\000c\000k\000u\000p\000s\000\051}{section.5.5}% 47
\BOOKMARK [0][-]{chapter.6}{\376\377\000T\000e\000c\000n\000o\000l\000o\000g\000\355\000a\000s}{}% 48
\BOOKMARK [1][-]{section.6.1}{\376\377\000T\000e\000c\000n\000o\000l\000o\000g\000\355\000a\000s\000\040\000s\000e\000l\000e\000c\000c\000i\000o\000n\000a\000d\000a\000s}{chapter.6}% 49
\BOOKMARK [2][-]{subsection.6.1.1}{\376\377\000B\000a\000s\000e\000\040\000d\000e\000\040\000d\000a\000t\000o\000s\000:\000\040\000M\000y\000S\000Q\000L}{section.6.1}% 50
\BOOKMARK [2][-]{subsection.6.1.2}{\376\377\000B\000a\000c\000k\000e\000n\000d\000:\000\040\000S\000p\000r\000i\000n\000g\000\040\000B\000o\000o\000t}{section.6.1}% 51
\BOOKMARK [2][-]{subsection.6.1.3}{\376\377\000F\000r\000o\000n\000t\000e\000n\000d\000:\000\040\000A\000n\000g\000u\000l\000a\000r}{section.6.1}% 52
\BOOKMARK [2][-]{subsection.6.1.4}{\376\377\000L\000e\000n\000g\000u\000a\000j\000e\000\040\000d\000e\000\040\000h\000o\000j\000a\000s\000\040\000d\000e\000\040\000e\000s\000t\000i\000l\000o\000:\000\040\000C\000S\000S\0003}{section.6.1}% 53
\BOOKMARK [2][-]{subsection.6.1.5}{\376\377\000F\000r\000a\000m\000e\000w\000o\000r\000k\000\040\000F\000r\000o\000n\000t\000e\000n\000d\000:\000\040\000B\000o\000o\000t\000s\000t\000r\000a\000p}{section.6.1}% 54
\BOOKMARK [2][-]{subsection.6.1.6}{\376\377\000S\000u\000i\000t\000e\000\040\000d\000e\000\040\000C\000o\000m\000p\000o\000n\000e\000n\000t\000e\000s\000\040\000d\000e\000\040\000I\000n\000t\000e\000r\000f\000a\000z\000:\000\040\000P\000r\000i\000m\000e\000N\000G}{section.6.1}% 55
\BOOKMARK [1][-]{section.6.2}{\376\377\000O\000t\000r\000a\000s\000\040\000a\000l\000t\000e\000r\000n\000a\000t\000i\000v\000a\000s\000\040\000c\000o\000n\000s\000i\000d\000e\000r\000a\000d\000a\000s}{chapter.6}% 56
\BOOKMARK [2][-]{subsection.6.2.1}{\376\377\000B\000a\000s\000e\000\040\000d\000e\000\040\000d\000a\000t\000o\000s\000:\000\040\000M\000o\000n\000g\000o\000D\000B}{section.6.2}% 57
\BOOKMARK [2][-]{subsection.6.2.2}{\376\377\000L\000a\000r\000a\000v\000e\000l}{section.6.2}% 58
\BOOKMARK [2][-]{subsection.6.2.3}{\376\377\000F\000r\000o\000n\000t\000e\000n\000d\000:\000\040\000V\000u\000e\000.\000j\000s}{section.6.2}% 59
\BOOKMARK [2][-]{subsection.6.2.4}{\376\377\000R\000e\000s\000o\000l\000u\000c\000i\000\363\000n\000\040\000d\000e\000\040\000l\000a\000\040\000a\000r\000q\000u\000i\000t\000e\000c\000t\000u\000r\000a\000\040\000d\000e\000l\000\040\000p\000r\000o\000y\000e\000c\000t\000o}{section.6.2}% 60
\BOOKMARK [0][-]{chapter.7}{\376\377\000D\000e\000s\000a\000r\000r\000o\000l\000l\000o}{}% 61
\BOOKMARK [1][-]{section.7.1}{\376\377\000D\000e\000s\000a\000r\000r\000o\000l\000l\000o\000\040\000B\000a\000c\000k\000e\000n\000d}{chapter.7}% 62
\BOOKMARK [2][-]{subsection.7.1.1}{\376\377\000P\000a\000t\000r\000o\000n\000e\000s\000\040\000d\000e\000\040\000d\000i\000s\000e\000\361\000o\000\040\000u\000t\000i\000l\000i\000z\000a\000d\000o\000s}{section.7.1}% 63
\BOOKMARK [2][-]{subsection.7.1.2}{\376\377\000M\000o\000d\000e\000l\000o\000\040\000d\000e\000\040\000d\000a\000t\000o\000s}{section.7.1}% 64
\BOOKMARK [2][-]{subsection.7.1.3}{\376\377\000D\000T\000O\000s\000\040\000y\000\040\000m\000a\000p\000e\000o}{section.7.1}% 65
\BOOKMARK [2][-]{subsection.7.1.4}{\376\377\000S\000e\000g\000u\000r\000i\000d\000a\000d}{section.7.1}% 66
\BOOKMARK [2][-]{subsection.7.1.5}{\376\377\000S\000e\000r\000v\000i\000c\000i\000o\000\040\000d\000e\000\040\000u\000t\000i\000l\000i\000d\000a\000d\000e\000s}{section.7.1}% 67
\BOOKMARK [2][-]{subsection.7.1.6}{\376\377\000L\000\363\000g\000i\000c\000a\000\040\000d\000e\000\040\000s\000e\000r\000v\000i\000c\000i\000o\000\040\000d\000e\000s\000t\000a\000c\000a\000d\000a}{section.7.1}% 68
\BOOKMARK [2][-]{subsection.7.1.7}{\376\377\000A\000P\000I\000\040\000R\000e\000s\000t}{section.7.1}% 69
\BOOKMARK [1][-]{section.7.2}{\376\377\000D\000e\000s\000a\000r\000r\000o\000l\000l\000o\000\040\000F\000r\000o\000n\000t\000e\000n\000d}{chapter.7}% 70
\BOOKMARK [2][-]{subsection.7.2.1}{\376\377\000A\000r\000q\000u\000i\000t\000e\000c\000t\000u\000r\000a\000\040\000d\000e\000l\000\040\000f\000r\000o\000n\000t\000e\000n\000d}{section.7.2}% 71
\BOOKMARK [2][-]{subsection.7.2.2}{\376\377\000C\000o\000m\000u\000n\000i\000c\000a\000c\000i\000\363\000n\000\040\000c\000o\000n\000\040\000e\000l\000\040\000B\000a\000c\000k\000e\000n\000d}{section.7.2}% 72
\BOOKMARK [0][-]{chapter.8}{\376\377\000P\000r\000u\000e\000b\000a\000s\000\040\000y\000\040\000V\000a\000l\000i\000d\000a\000c\000i\000\363\000n}{}% 73
\BOOKMARK [1][-]{section.8.1}{\376\377\000E\000s\000t\000r\000a\000t\000e\000g\000i\000a\000\040\000d\000e\000\040\000P\000r\000u\000e\000b\000a\000s\000\040\000d\000e\000l\000\040\000S\000i\000s\000t\000e\000m\000a}{chapter.8}% 74
\BOOKMARK [2][-]{subsection.8.1.1}{\376\377\000P\000r\000u\000e\000b\000a\000s\000\040\000U\000n\000i\000t\000a\000r\000i\000a\000s\000\040\000e\000n\000\040\000e\000l\000\040\000B\000a\000c\000k\000e\000n\000d\000:\000\040\000J\000U\000n\000i\000t\000\040\000y\000\040\000M\000o\000c\000k\000i\000t\000o}{section.8.1}% 75
\BOOKMARK [2][-]{subsection.8.1.2}{\376\377\000P\000r\000u\000e\000b\000a\000s\000\040\000d\000e\000\040\000I\000n\000t\000e\000g\000r\000a\000c\000i\000\363\000n\000\040\000y\000\040\000V\000a\000l\000i\000d\000a\000c\000i\000\363\000n\000\040\000d\000e\000\040\000l\000a\000\040\000A\000P\000I\000\040\000R\000E\000S\000T\000\040\000c\000o\000n\000\040\000P\000o\000s\000t\000m\000a\000n}{section.8.1}% 76
\BOOKMARK [0][-]{chapter.9}{\376\377\000M\000a\000n\000u\000a\000l\000\040\000d\000e\000\040\000u\000s\000u\000a\000r\000i\000o}{}% 77
\BOOKMARK [1][-]{section.9.1}{\376\377\000L\000a\000n\000d\000i\000n\000g\000\040\000p\000a\000g\000e\000\040\000e\000\040\000i\000n\000i\000c\000i\000o\000\040\000d\000e\000\040\000s\000e\000s\000i\000\363\000n}{chapter.9}% 78
\BOOKMARK [1][-]{section.9.2}{\376\377\000N\000a\000v\000e\000g\000a\000c\000i\000\363\000n\000\040\000g\000e\000n\000e\000r\000a\000l\000\040\000y\000\040\000c\000i\000e\000r\000r\000e\000\040\000d\000e\000\040\000s\000e\000s\000i\000\363\000n}{chapter.9}% 79
\BOOKMARK [1][-]{section.9.3}{\376\377\000A\000d\000m\000i\000n\000i\000s\000t\000r\000a\000d\000o\000r}{chapter.9}% 80
\BOOKMARK [2][-]{subsection.9.3.1}{\376\377\000L\000i\000s\000t\000a\000d\000o\000\040\000d\000e\000\040\000t\000e\000r\000a\000p\000e\000u\000t\000a\000s}{section.9.3}% 81
\BOOKMARK [2][-]{subsection.9.3.2}{\376\377\000C\000r\000e\000a\000r\000\040\000u\000n\000\040\000t\000e\000r\000a\000p\000e\000u\000t\000a}{section.9.3}% 82
\BOOKMARK [2][-]{subsection.9.3.3}{\376\377\000A\000c\000c\000i\000o\000n\000e\000s\000\040\000s\000o\000b\000r\000e\000\040\000u\000n\000\040\000t\000e\000r\000a\000p\000e\000u\000t\000a}{section.9.3}% 83
\BOOKMARK [1][-]{section.9.4}{\376\377\000T\000e\000r\000a\000p\000e\000u\000t\000a}{chapter.9}% 84
\BOOKMARK [2][-]{subsection.9.4.1}{\376\377\000G\000e\000s\000t\000i\000\363\000n\000\040\000d\000e\000\040\000p\000a\000c\000i\000e\000n\000t\000e\000s}{section.9.4}% 85
\BOOKMARK [2][-]{subsection.9.4.2}{\376\377\000G\000e\000s\000t\000i\000\363\000n\000\040\000d\000e\000\040\000a\000g\000e\000n\000d\000a\000s\000:\000\040\000a\000s\000i\000g\000n\000a\000r\000\040\000j\000u\000e\000g\000o\000s\000\040\000a\000\040\000u\000n\000\040\000p\000a\000c\000i\000e\000n\000t\000e}{section.9.4}% 86
\BOOKMARK [2][-]{subsection.9.4.3}{\376\377\000S\000e\000g\000u\000i\000m\000i\000e\000n\000t\000o\000\040\000d\000e\000l\000\040\000p\000r\000o\000g\000r\000e\000s\000o}{section.9.4}% 87
\BOOKMARK [1][-]{section.9.5}{\376\377\000E\000l\000\040\000p\000a\000c\000i\000e\000n\000t\000e}{chapter.9}% 88
\BOOKMARK [2][-]{subsection.9.5.1}{\376\377\000P\000a\000n\000t\000a\000l\000l\000a\000\040\000p\000r\000i\000n\000c\000i\000p\000a\000l\000\040\000d\000e\000l\000\040\000p\000a\000c\000i\000e\000n\000t\000e}{section.9.5}% 89
\BOOKMARK [2][-]{subsection.9.5.2}{\376\377\000A\000g\000e\000n\000d\000a\000\040\000d\000e\000\040\000j\000u\000e\000g\000o\000s\000\040\000d\000e\000l\000\040\000p\000a\000c\000i\000e\000n\000t\000e}{section.9.5}% 90
\BOOKMARK [2][-]{subsection.9.5.3}{\376\377\000C\000\363\000m\000o\000\040\000s\000e\000\040\000j\000u\000e\000g\000a}{section.9.5}% 91
\BOOKMARK [1][-]{section.9.6}{\376\377\000L\000o\000s\000\040\000j\000u\000e\000g\000o\000s\000\040\000d\000e\000\040\000e\000s\000t\000i\000m\000u\000l\000a\000c\000i\000\363\000n\000\040\000c\000o\000g\000n\000i\000t\000i\000v\000a}{chapter.9}% 92
\BOOKMARK [2][-]{subsection.9.6.1}{\376\377\000O\000r\000d\000e\000n\000a\000r\000\040\000l\000a\000\040\000s\000e\000c\000u\000e\000n\000c\000i\000a}{section.9.6}% 93
\BOOKMARK [2][-]{subsection.9.6.2}{\376\377\000R\000e\000l\000a\000c\000i\000o\000n\000a\000r\000\040\000o\000b\000j\000e\000t\000o\000s\000\040\000y\000\040\000p\000r\000o\000f\000e\000s\000i\000o\000n\000e\000s}{section.9.6}% 94
\BOOKMARK [2][-]{subsection.9.6.3}{\376\377\000P\000a\000g\000o\000s\000\040\000e\000x\000a\000c\000t\000o\000s\000\040\000\050\000E\000l\000\040\000c\000a\000m\000b\000i\000o\000\051}{section.9.6}% 95
\BOOKMARK [2][-]{subsection.9.6.4}{\376\377\000V\000\355\000s\000t\000e\000t\000e}{section.9.6}% 96
\BOOKMARK [2][-]{subsection.9.6.5}{\376\377\000C\000o\000m\000p\000l\000e\000t\000a\000r\000\040\000l\000a\000\040\000o\000r\000a\000c\000i\000\363\000n}{section.9.6}% 97
\BOOKMARK [2][-]{subsection.9.6.6}{\376\377\000E\000l\000\040\000i\000n\000t\000r\000u\000s\000o}{section.9.6}% 98
\BOOKMARK [2][-]{subsection.9.6.7}{\376\377\000R\000e\000s\000u\000m\000e\000n\000\040\000d\000e\000\040\000j\000u\000e\000g\000o\000s}{section.9.6}% 99
\BOOKMARK [2][-]{subsection.9.6.8}{\376\377\000R\000e\000c\000o\000m\000e\000n\000d\000a\000c\000i\000o\000n\000e\000s\000\040\000s\000e\000g\000\372\000n\000\040\000e\000l\000\040\000\341\000r\000e\000a\000\040\000c\000o\000g\000n\000i\000t\000i\000v\000a}{section.9.6}% 100
\BOOKMARK [1][-]{section.9.7}{\376\377\000S\000o\000l\000u\000c\000i\000\363\000n\000\040\000d\000e\000\040\000p\000r\000o\000b\000l\000e\000m\000a\000s\000\040\000c\000o\000m\000u\000n\000e\000s}{chapter.9}% 101
\BOOKMARK [2][-]{subsection.9.7.1}{\376\377\000E\000r\000r\000o\000r\000\040\000a\000l\000\040\000i\000n\000i\000c\000i\000a\000r\000\040\000s\000e\000s\000i\000\363\000n}{section.9.7}% 102
\BOOKMARK [2][-]{subsection.9.7.2}{\376\377\000N\000o\000\040\000a\000p\000a\000r\000e\000c\000e\000n\000\040\000j\000u\000e\000g\000o\000s\000\040\000e\000n\000\040\000l\000a\000\040\000a\000g\000e\000n\000d\000a}{section.9.7}% 103
\BOOKMARK [2][-]{subsection.9.7.3}{\376\377\000E\000l\000\040\000j\000u\000e\000g\000o\000\040\000n\000o\000\040\000r\000e\000s\000p\000o\000n\000d\000e\000\040\000o\000\040\000a\000l\000g\000o\000\040\000f\000a\000l\000l\000a}{section.9.7}% 104
\BOOKMARK [0][-]{chapter.10}{\376\377\000C\000o\000n\000c\000l\000u\000s\000i\000o\000n\000e\000s\000\040\000y\000\040\000T\000r\000a\000b\000a\000j\000o\000s\000\040\000F\000u\000t\000u\000r\000o\000s}{}% 105
\BOOKMARK [1][-]{section.10.1}{\376\377\000R\000e\000s\000u\000m\000e\000n\000\040\000d\000e\000\040\000R\000e\000s\000u\000l\000t\000a\000d\000o\000s}{chapter.10}% 106
\BOOKMARK [1][-]{section.10.2}{\376\377\000C\000u\000m\000p\000l\000i\000m\000i\000e\000n\000t\000o\000\040\000d\000e\000\040\000O\000b\000j\000e\000t\000i\000v\000o\000s}{chapter.10}% 107
\BOOKMARK [1][-]{section.10.3}{\376\377\000L\000e\000c\000c\000i\000o\000n\000e\000s\000\040\000A\000p\000r\000e\000n\000d\000i\000d\000a\000s}{chapter.10}% 108
\BOOKMARK [1][-]{section.10.4}{\376\377\000T\000r\000a\000b\000a\000j\000o\000s\000\040\000F\000u\000t\000u\000r\000o\000s}{chapter.10}% 109
\BOOKMARK [1][-]{section.10.5}{\376\377\000C\000o\000n\000c\000l\000u\000s\000i\000o\000n\000e\000s\000\040\000F\000i\000n\000a\000l\000e\000s}{chapter.10}% 110
\BOOKMARK [0][-]{section.10.5}{\376\377\000B\000i\000b\000l\000i\000o\000g\000r\000a\000f\000\355\000a}{}% 111
